{
    "meta": {
        "version": "7.2.5",
        "timestamp": "2023-06-04T20:26:41.292903",
        "branch_coverage": true,
        "show_contexts": false
    },
    "files": {
        "src/delimiterdata/delimiterdata.py": {
            "executed_lines": [
                1,
                3,
                5,
                6,
                7,
                8,
                9,
                10,
                14,
                15,
                21,
                22,
                23,
                24,
                25,
                26,
                27,
                29,
                30,
                37,
                39,
                40,
                47,
                49,
                50,
                57,
                59,
                60,
                61,
                63,
                71,
                72,
                73,
                75,
                82,
                83,
                85,
                87,
                94,
                95,
                97,
                99,
                106,
                107,
                109,
                117,
                119,
                129,
                131,
                138,
                140,
                147,
                149,
                157,
                159,
                166,
                168,
                175,
                176,
                177,
                178,
                180
            ],
            "summary": {
                "covered_lines": 61,
                "num_statements": 61,
                "percent_covered": 100.0,
                "percent_covered_display": "100",
                "missing_lines": 0,
                "excluded_lines": 0,
                "num_branches": 10,
                "num_partial_branches": 0,
                "covered_branches": 10,
                "missing_branches": 0
            },
            "missing_lines": [],
            "excluded_lines": [],
            "executed_branches": [
                [
                    60,
                    -59
                ],
                [
                    60,
                    61
                ],
                [
                    82,
                    83
                ],
                [
                    82,
                    85
                ],
                [
                    94,
                    95
                ],
                [
                    94,
                    97
                ],
                [
                    106,
                    -99
                ],
                [
                    106,
                    107
                ],
                [
                    175,
                    176
                ],
                [
                    175,
                    180
                ]
            ],
            "missing_branches": []
        },
        "src/delimiterserializer/delimiterserializer.py": {
            "executed_lines": [
                1,
                3,
                4,
                6,
                7,
                8,
                9,
                10,
                11,
                15,
                16,
                21,
                22,
                25,
                26,
                27,
                28,
                30,
                31,
                38,
                40,
                41,
                48,
                50,
                51,
                62,
                72,
                73,
                74,
                75,
                76,
                77,
                78,
                79,
                82,
                83,
                85,
                86,
                87,
                88,
                91,
                92,
                93,
                95,
                96,
                103
            ],
            "summary": {
                "covered_lines": 45,
                "num_statements": 45,
                "percent_covered": 100.0,
                "percent_covered_display": "100",
                "missing_lines": 0,
                "excluded_lines": 0,
                "num_branches": 8,
                "num_partial_branches": 0,
                "covered_branches": 8,
                "missing_branches": 0
            },
            "missing_lines": [],
            "excluded_lines": [],
            "executed_branches": [
                [
                    73,
                    -50
                ],
                [
                    73,
                    74
                ],
                [
                    73,
                    92
                ],
                [
                    76,
                    77
                ],
                [
                    76,
                    82
                ],
                [
                    77,
                    76
                ],
                [
                    77,
                    78
                ],
                [
                    82,
                    83
                ],
                [
                    82,
                    85
                ]
            ],
            "missing_branches": []
        },
        "src/imagedata/imagedata.py": {
            "executed_lines": [
                1,
                3,
                5,
                6,
                7,
                8,
                9,
                10,
                14,
                15,
                21,
                22,
                23,
                24,
                25,
                26,
                27,
                29,
                30,
                37,
                39,
                40,
                47,
                49,
                50,
                57,
                59,
                60,
                61,
                63,
                71,
                72,
                73,
                75,
                82,
                83,
                85,
                87,
                94,
                95,
                97,
                99,
                106,
                107,
                109,
                117,
                119,
                129,
                131,
                138,
                140,
                147,
                149,
                157,
                159,
                166,
                168,
                176
            ],
            "summary": {
                "covered_lines": 57,
                "num_statements": 57,
                "percent_covered": 100.0,
                "percent_covered_display": "100",
                "missing_lines": 0,
                "excluded_lines": 0,
                "num_branches": 8,
                "num_partial_branches": 0,
                "covered_branches": 8,
                "missing_branches": 0
            },
            "missing_lines": [],
            "excluded_lines": [],
            "executed_branches": [
                [
                    60,
                    -59
                ],
                [
                    60,
                    61
                ],
                [
                    82,
                    83
                ],
                [
                    82,
                    85
                ],
                [
                    94,
                    95
                ],
                [
                    94,
                    97
                ],
                [
                    106,
                    -99
                ],
                [
                    106,
                    107
                ]
            ],
            "missing_branches": []
        },
        "src/imageserializer/imageserializer.py": {
            "executed_lines": [
                1,
                3,
                4,
                6,
                7,
                8,
                9,
                10,
                11,
                15,
                16,
                21,
                22,
                23,
                24,
                25,
                26,
                28,
                29,
                36,
                38,
                39,
                46,
                48,
                49,
                60,
                66,
                68,
                69,
                70,
                71,
                72,
                73,
                76,
                77,
                80,
                81,
                82,
                83,
                85,
                86,
                93
            ],
            "summary": {
                "covered_lines": 41,
                "num_statements": 41,
                "percent_covered": 100.0,
                "percent_covered_display": "100",
                "missing_lines": 0,
                "excluded_lines": 0,
                "num_branches": 6,
                "num_partial_branches": 0,
                "covered_branches": 6,
                "missing_branches": 0
            },
            "missing_lines": [],
            "excluded_lines": [],
            "executed_branches": [
                [
                    70,
                    71
                ],
                [
                    70,
                    76
                ],
                [
                    71,
                    70
                ],
                [
                    71,
                    72
                ],
                [
                    76,
                    77
                ],
                [
                    76,
                    80
                ]
            ],
            "missing_branches": []
        },
        "src/joblibserializer/joblibserializer.py": {
            "executed_lines": [
                1,
                3,
                5,
                6,
                7,
                8,
                9,
                13,
                14,
                19,
                20,
                21,
                22,
                23,
                24,
                26,
                27,
                34,
                36,
                37,
                44,
                46,
                47,
                57,
                58,
                59,
                60,
                62,
                63,
                70
            ],
            "summary": {
                "covered_lines": 29,
                "num_statements": 29,
                "percent_covered": 100.0,
                "percent_covered_display": "100",
                "missing_lines": 0,
                "excluded_lines": 0,
                "num_branches": 0,
                "num_partial_branches": 0,
                "covered_branches": 0,
                "missing_branches": 0
            },
            "missing_lines": [],
            "excluded_lines": [],
            "executed_branches": [],
            "missing_branches": []
        },
        "src/lightgbmmodel/lightgbmmodel.py": {
            "executed_lines": [
                1,
                3,
                5,
                6,
                7,
                8,
                12,
                13,
                19,
                20,
                21,
                22,
                23,
                24,
                25,
                26,
                27,
                29,
                30,
                37,
                39,
                40,
                47,
                49,
                50,
                57,
                59,
                60,
                61,
                63,
                67,
                69,
                77,
                78,
                79,
                81,
                88,
                89,
                91,
                93,
                101,
                103,
                111,
                115,
                116,
                119,
                121,
                123,
                133,
                134,
                135,
                136,
                138,
                148,
                149,
                150,
                151,
                153,
                164,
                165,
                166,
                167,
                169,
                180,
                181,
                183,
                184,
                185,
                186,
                187,
                189
            ],
            "summary": {
                "covered_lines": 70,
                "num_statements": 70,
                "percent_covered": 100.0,
                "percent_covered_display": "100",
                "missing_lines": 0,
                "excluded_lines": 0,
                "num_branches": 10,
                "num_partial_branches": 0,
                "covered_branches": 10,
                "missing_branches": 0
            },
            "missing_lines": [],
            "excluded_lines": [],
            "executed_branches": [
                [
                    60,
                    -59
                ],
                [
                    60,
                    61
                ],
                [
                    88,
                    89
                ],
                [
                    88,
                    91
                ],
                [
                    115,
                    116
                ],
                [
                    115,
                    119
                ],
                [
                    184,
                    185
                ],
                [
                    184,
                    189
                ],
                [
                    185,
                    184
                ],
                [
                    185,
                    186
                ]
            ],
            "missing_branches": []
        },
        "src/pandasdata/pandasdata.py": {
            "executed_lines": [
                1,
                3,
                5,
                6,
                7,
                8,
                9,
                10,
                11,
                15,
                16,
                22,
                23,
                24,
                25,
                26,
                27,
                28,
                30,
                31,
                38,
                40,
                41,
                48,
                50,
                51,
                58,
                60,
                61,
                62,
                64,
                72,
                73,
                74,
                76,
                83,
                84,
                86,
                88,
                95,
                96,
                98,
                106,
                108,
                118,
                123,
                124,
                125,
                127,
                129,
                136,
                137,
                138,
                139,
                140,
                142,
                149,
                154,
                155,
                157,
                165,
                166,
                169,
                170,
                172,
                174,
                176,
                183,
                184,
                186,
                193,
                195,
                205,
                206,
                207,
                208,
                209,
                210,
                211,
                213,
                224,
                229,
                230,
                231
            ],
            "summary": {
                "covered_lines": 83,
                "num_statements": 83,
                "percent_covered": 100.0,
                "percent_covered_display": "100",
                "missing_lines": 0,
                "excluded_lines": 0,
                "num_branches": 28,
                "num_partial_branches": 0,
                "covered_branches": 28,
                "missing_branches": 0
            },
            "missing_lines": [],
            "excluded_lines": [],
            "executed_branches": [
                [
                    61,
                    -60
                ],
                [
                    61,
                    62
                ],
                [
                    83,
                    84
                ],
                [
                    83,
                    86
                ],
                [
                    95,
                    -88
                ],
                [
                    95,
                    96
                ],
                [
                    118,
                    118
                ],
                [
                    118,
                    123
                ],
                [
                    118,
                    127
                ],
                [
                    123,
                    124
                ],
                [
                    123,
                    127
                ],
                [
                    137,
                    138
                ],
                [
                    137,
                    140
                ],
                [
                    138,
                    139
                ],
                [
                    138,
                    140
                ],
                [
                    149,
                    -142
                ],
                [
                    149,
                    149
                ],
                [
                    149,
                    154
                ],
                [
                    154,
                    -142
                ],
                [
                    154,
                    155
                ],
                [
                    165,
                    166
                ],
                [
                    165,
                    174
                ],
                [
                    169,
                    170
                ],
                [
                    169,
                    172
                ],
                [
                    183,
                    -176
                ],
                [
                    183,
                    184
                ],
                [
                    205,
                    206
                ],
                [
                    205,
                    211
                ],
                [
                    224,
                    224
                ],
                [
                    224,
                    229
                ],
                [
                    224,
                    231
                ]
            ],
            "missing_branches": []
        },
        "src/pickleserializer/pickleserializer.py": {
            "executed_lines": [
                1,
                3,
                4,
                6,
                7,
                8,
                9,
                13,
                14,
                19,
                20,
                21,
                22,
                23,
                24,
                26,
                27,
                34,
                36,
                37,
                44,
                46,
                47,
                57,
                58,
                59,
                60,
                62,
                63,
                70
            ],
            "summary": {
                "covered_lines": 29,
                "num_statements": 29,
                "percent_covered": 100.0,
                "percent_covered_display": "100",
                "missing_lines": 0,
                "excluded_lines": 0,
                "num_branches": 0,
                "num_partial_branches": 0,
                "covered_branches": 0,
                "missing_branches": 0
            },
            "missing_lines": [],
            "excluded_lines": [],
            "executed_branches": [],
            "missing_branches": []
        },
        "src/sklearnmodel/sklearnmodel.py": {
            "executed_lines": [
                1,
                3,
                5,
                6,
                7,
                8,
                12,
                13,
                19,
                20,
                21,
                33,
                34,
                35,
                36,
                37,
                38,
                40,
                41,
                48,
                50,
                51,
                58,
                60,
                61,
                68,
                70,
                71,
                72,
                74,
                78,
                80,
                88,
                89,
                90,
                92,
                99,
                100,
                102,
                104,
                112,
                114,
                122,
                126,
                127,
                130,
                132,
                134,
                144,
                145,
                146,
                147,
                149,
                159,
                160,
                161,
                162,
                164,
                175,
                176,
                177,
                178,
                180,
                191,
                192,
                194,
                195,
                196,
                197,
                198,
                200
            ],
            "summary": {
                "covered_lines": 70,
                "num_statements": 70,
                "percent_covered": 100.0,
                "percent_covered_display": "100",
                "missing_lines": 0,
                "excluded_lines": 0,
                "num_branches": 10,
                "num_partial_branches": 0,
                "covered_branches": 10,
                "missing_branches": 0
            },
            "missing_lines": [],
            "excluded_lines": [],
            "executed_branches": [
                [
                    71,
                    -70
                ],
                [
                    71,
                    72
                ],
                [
                    99,
                    100
                ],
                [
                    99,
                    102
                ],
                [
                    126,
                    127
                ],
                [
                    126,
                    130
                ],
                [
                    195,
                    196
                ],
                [
                    195,
                    200
                ],
                [
                    196,
                    195
                ],
                [
                    196,
                    197
                ]
            ],
            "missing_branches": []
        },
        "src/sklearnpipeline/sklearnpipeline.py": {
            "executed_lines": [
                1,
                3,
                5,
                6,
                7,
                8,
                12,
                13,
                19,
                20,
                21,
                22,
                23,
                24,
                25,
                26,
                27,
                29,
                30,
                37,
                39,
                40,
                47,
                49,
                50,
                57,
                59,
                60,
                61,
                63,
                67,
                69,
                77,
                78,
                79,
                81,
                88,
                89,
                91,
                93,
                101,
                103,
                110,
                112,
                120,
                123,
                124,
                127,
                129,
                131,
                141,
                142,
                143,
                144,
                146,
                156,
                157,
                158,
                159,
                161,
                172,
                173,
                174,
                175,
                177,
                188,
                189,
                191,
                192,
                193,
                194,
                195,
                197
            ],
            "summary": {
                "covered_lines": 72,
                "num_statements": 72,
                "percent_covered": 100.0,
                "percent_covered_display": "100",
                "missing_lines": 0,
                "excluded_lines": 0,
                "num_branches": 10,
                "num_partial_branches": 0,
                "covered_branches": 10,
                "missing_branches": 0
            },
            "missing_lines": [],
            "excluded_lines": [],
            "executed_branches": [
                [
                    60,
                    -59
                ],
                [
                    60,
                    61
                ],
                [
                    88,
                    89
                ],
                [
                    88,
                    91
                ],
                [
                    123,
                    124
                ],
                [
                    123,
                    127
                ],
                [
                    192,
                    193
                ],
                [
                    192,
                    197
                ],
                [
                    193,
                    192
                ],
                [
                    193,
                    194
                ]
            ],
            "missing_branches": []
        },
        "src/tensorflowmodel/tensorflowmodel.py": {
            "executed_lines": [
                1,
                3,
                5,
                6,
                7,
                8,
                12,
                13,
                19,
                20,
                21,
                22,
                23,
                24,
                25,
                26,
                27,
                29,
                30,
                37,
                39,
                40,
                47,
                49,
                50,
                57,
                59,
                60,
                61,
                63,
                67,
                69,
                77,
                78,
                79,
                81,
                88,
                89,
                91,
                93,
                101,
                103,
                111,
                115,
                116,
                119,
                121,
                123,
                133,
                134,
                135,
                136,
                138,
                148,
                149,
                150,
                151,
                153,
                164,
                166,
                177,
                178,
                180,
                181,
                182,
                183,
                184,
                186
            ],
            "summary": {
                "covered_lines": 67,
                "num_statements": 67,
                "percent_covered": 100.0,
                "percent_covered_display": "100",
                "missing_lines": 0,
                "excluded_lines": 0,
                "num_branches": 10,
                "num_partial_branches": 0,
                "covered_branches": 10,
                "missing_branches": 0
            },
            "missing_lines": [],
            "excluded_lines": [],
            "executed_branches": [
                [
                    60,
                    -59
                ],
                [
                    60,
                    61
                ],
                [
                    88,
                    89
                ],
                [
                    88,
                    91
                ],
                [
                    115,
                    116
                ],
                [
                    115,
                    119
                ],
                [
                    181,
                    182
                ],
                [
                    181,
                    186
                ],
                [
                    182,
                    181
                ],
                [
                    182,
                    183
                ]
            ],
            "missing_branches": []
        },
        "src/tensorflowserializer/tensorflowserializer.py": {
            "executed_lines": [
                1,
                3,
                5,
                6,
                7,
                8,
                9,
                13,
                14,
                19,
                20,
                21,
                22,
                23,
                24,
                26,
                27,
                34,
                36,
                37,
                44,
                46,
                47,
                57,
                58,
                59,
                60,
                62,
                63,
                70
            ],
            "summary": {
                "covered_lines": 29,
                "num_statements": 29,
                "percent_covered": 100.0,
                "percent_covered_display": "100",
                "missing_lines": 0,
                "excluded_lines": 0,
                "num_branches": 0,
                "num_partial_branches": 0,
                "covered_branches": 0,
                "missing_branches": 0
            },
            "missing_lines": [],
            "excluded_lines": [],
            "executed_branches": [],
            "missing_branches": []
        },
        "src/xgboostmodel/xgboostmodel.py": {
            "executed_lines": [
                1,
                3,
                5,
                6,
                7,
                8,
                9,
                13,
                14,
                20,
                21,
                22,
                27,
                28,
                29,
                30,
                31,
                32,
                34,
                35,
                42,
                44,
                45,
                52,
                54,
                55,
                62,
                64,
                65,
                66,
                68,
                72,
                74,
                82,
                83,
                84,
                86,
                93,
                94,
                96,
                98,
                106,
                108,
                116,
                120,
                121,
                124,
                126,
                128,
                138,
                139,
                140,
                142,
                143,
                144,
                146,
                156,
                157,
                158,
                160,
                161,
                162,
                164,
                175,
                177,
                188,
                189,
                191,
                192,
                193,
                194,
                195,
                197
            ],
            "summary": {
                "covered_lines": 72,
                "num_statements": 72,
                "percent_covered": 100.0,
                "percent_covered_display": "100",
                "missing_lines": 0,
                "excluded_lines": 0,
                "num_branches": 14,
                "num_partial_branches": 0,
                "covered_branches": 14,
                "missing_branches": 0
            },
            "missing_lines": [],
            "excluded_lines": [],
            "executed_branches": [
                [
                    65,
                    -64
                ],
                [
                    65,
                    66
                ],
                [
                    93,
                    94
                ],
                [
                    93,
                    96
                ],
                [
                    120,
                    121
                ],
                [
                    120,
                    124
                ],
                [
                    139,
                    140
                ],
                [
                    139,
                    142
                ],
                [
                    157,
                    158
                ],
                [
                    157,
                    160
                ],
                [
                    192,
                    193
                ],
                [
                    192,
                    197
                ],
                [
                    193,
                    192
                ],
                [
                    193,
                    194
                ]
            ],
            "missing_branches": []
        }
    },
    "totals": {
        "covered_lines": 725,
        "num_statements": 725,
        "percent_covered": 100.0,
        "percent_covered_display": "100",
        "missing_lines": 0,
        "excluded_lines": 0,
        "num_branches": 114,
        "num_partial_branches": 0,
        "covered_branches": 114,
        "missing_branches": 0
    }
}