{
    "meta": {
        "version": "7.2.3",
        "timestamp": "2023-06-05T14:18:41.158528",
        "branch_coverage": true,
        "show_contexts": false
    },
    "files": {
        "test_engine_core/converters/data_converter.py": {
            "executed_lines": [
                1,
                2,
                4,
                5,
                6,
                9,
                10,
                15,
                17,
                18,
                25,
                26,
                28,
                29,
                44,
                52,
                55,
                56,
                60,
                62,
                63,
                78,
                79,
                81,
                87,
                90,
                91,
                93,
                94,
                108,
                116,
                119,
                120
            ],
            "summary": {
                "covered_lines": 32,
                "num_statements": 32,
                "percent_covered": 100.0,
                "percent_covered_display": "100",
                "missing_lines": 0,
                "excluded_lines": 0,
                "num_branches": 10,
                "num_partial_branches": 0,
                "covered_branches": 10,
                "missing_branches": 0
            },
            "missing_lines": [],
            "excluded_lines": [],
            "executed_branches": [
                [
                    25,
                    -17
                ],
                [
                    25,
                    26
                ],
                [
                    44,
                    44
                ],
                [
                    44,
                    52
                ],
                [
                    44,
                    55
                ],
                [
                    55,
                    56
                ],
                [
                    55,
                    60
                ],
                [
                    81,
                    81
                ],
                [
                    81,
                    87
                ],
                [
                    81,
                    90
                ],
                [
                    108,
                    108
                ],
                [
                    108,
                    116
                ],
                [
                    108,
                    119
                ]
            ],
            "missing_branches": []
        },
        "test_engine_core/logging/__init__.py": {
            "executed_lines": [
                1
            ],
            "summary": {
                "covered_lines": 0,
                "num_statements": 0,
                "percent_covered": 100.0,
                "percent_covered_display": "100",
                "missing_lines": 0,
                "excluded_lines": 0,
                "num_branches": 0,
                "num_partial_branches": 0,
                "covered_branches": 0,
                "missing_branches": 0
            },
            "missing_lines": [],
            "excluded_lines": [],
            "executed_branches": [],
            "missing_branches": []
        },
        "test_engine_core/logging/enums/__init__.py": {
            "executed_lines": [
                1
            ],
            "summary": {
                "covered_lines": 0,
                "num_statements": 0,
                "percent_covered": 100.0,
                "percent_covered_display": "100",
                "missing_lines": 0,
                "excluded_lines": 0,
                "num_branches": 0,
                "num_partial_branches": 0,
                "covered_branches": 0,
                "missing_branches": 0
            },
            "missing_lines": [],
            "excluded_lines": [],
            "executed_branches": [],
            "missing_branches": []
        },
        "test_engine_core/logging/enums/error_category_type.py": {
            "executed_lines": [
                1,
                4,
                5,
                9,
                10,
                11,
                12,
                13,
                14
            ],
            "summary": {
                "covered_lines": 8,
                "num_statements": 8,
                "percent_covered": 100.0,
                "percent_covered_display": "100",
                "missing_lines": 0,
                "excluded_lines": 0,
                "num_branches": 0,
                "num_partial_branches": 0,
                "covered_branches": 0,
                "missing_branches": 0
            },
            "missing_lines": [],
            "excluded_lines": [],
            "executed_branches": [],
            "missing_branches": []
        },
        "test_engine_core/logging/enums/error_severity_type.py": {
            "executed_lines": [
                1,
                4,
                5,
                9,
                10,
                11
            ],
            "summary": {
                "covered_lines": 5,
                "num_statements": 5,
                "percent_covered": 100.0,
                "percent_covered_display": "100",
                "missing_lines": 0,
                "excluded_lines": 0,
                "num_branches": 0,
                "num_partial_branches": 0,
                "covered_branches": 0,
                "missing_branches": 0
            },
            "missing_lines": [],
            "excluded_lines": [],
            "executed_branches": [],
            "missing_branches": []
        },
        "test_engine_core/logging/error.py": {
            "executed_lines": [
                1,
                3,
                4,
                5,
                8,
                9,
                14,
                22,
                23,
                24,
                25,
                26,
                28,
                29,
                36,
                38,
                39,
                46,
                48,
                49,
                56,
                58,
                59,
                66,
                68,
                69,
                76,
                78,
                79,
                89,
                94,
                98,
                100,
                101,
                111,
                112,
                116,
                118,
                119,
                129,
                130,
                134,
                136,
                137,
                147,
                152,
                156,
                158,
                159,
                169,
                170,
                174,
                176,
                183
            ],
            "summary": {
                "covered_lines": 53,
                "num_statements": 53,
                "percent_covered": 100.0,
                "percent_covered_display": "100",
                "missing_lines": 0,
                "excluded_lines": 0,
                "num_branches": 10,
                "num_partial_branches": 0,
                "covered_branches": 10,
                "missing_branches": 0
            },
            "missing_lines": [],
            "excluded_lines": [],
            "executed_branches": [
                [
                    89,
                    89
                ],
                [
                    89,
                    94
                ],
                [
                    89,
                    98
                ],
                [
                    111,
                    112
                ],
                [
                    111,
                    116
                ],
                [
                    129,
                    130
                ],
                [
                    129,
                    134
                ],
                [
                    147,
                    147
                ],
                [
                    147,
                    152
                ],
                [
                    147,
                    156
                ],
                [
                    169,
                    170
                ],
                [
                    169,
                    174
                ]
            ],
            "missing_branches": []
        },
        "test_engine_core/logging/error_manager.py": {
            "executed_lines": [
                1,
                2,
                3,
                5,
                6,
                7,
                8,
                9,
                12,
                13,
                17,
                21,
                22,
                23,
                24,
                25,
                27,
                37,
                38,
                39,
                42,
                43,
                45,
                46,
                47,
                49,
                50,
                52,
                59,
                61,
                62,
                63,
                64,
                65,
                67,
                92,
                93,
                96,
                103,
                104,
                109,
                115,
                116,
                118,
                119,
                120,
                127,
                128,
                129,
                130,
                133,
                134,
                136,
                144,
                145,
                148,
                149,
                150,
                151,
                152,
                153,
                154,
                155,
                156,
                158,
                166,
                167,
                170,
                172,
                179,
                180,
                183,
                184,
                185,
                186,
                188,
                195,
                196,
                199,
                201,
                214,
                215,
                216,
                217,
                218,
                219,
                220,
                221,
                222,
                223,
                224,
                225,
                227,
                231,
                244,
                245,
                246,
                247,
                248,
                249,
                251
            ],
            "summary": {
                "covered_lines": 100,
                "num_statements": 100,
                "percent_covered": 100.0,
                "percent_covered_display": "100",
                "missing_lines": 0,
                "excluded_lines": 0,
                "num_branches": 42,
                "num_partial_branches": 0,
                "covered_branches": 42,
                "missing_branches": 0
            },
            "missing_lines": [],
            "excluded_lines": [],
            "executed_branches": [
                [
                    38,
                    39
                ],
                [
                    38,
                    42
                ],
                [
                    38,
                    62
                ],
                [
                    42,
                    43
                ],
                [
                    42,
                    45
                ],
                [
                    46,
                    47
                ],
                [
                    46,
                    49
                ],
                [
                    62,
                    63
                ],
                [
                    62,
                    64
                ],
                [
                    92,
                    93
                ],
                [
                    92,
                    103
                ],
                [
                    104,
                    104
                ],
                [
                    104,
                    109
                ],
                [
                    104,
                    115
                ],
                [
                    144,
                    145
                ],
                [
                    144,
                    148
                ],
                [
                    153,
                    154
                ],
                [
                    153,
                    155
                ],
                [
                    166,
                    167
                ],
                [
                    166,
                    170
                ],
                [
                    179,
                    180
                ],
                [
                    179,
                    183
                ],
                [
                    184,
                    185
                ],
                [
                    184,
                    186
                ],
                [
                    195,
                    196
                ],
                [
                    195,
                    199
                ],
                [
                    214,
                    215
                ],
                [
                    214,
                    216
                ],
                [
                    216,
                    217
                ],
                [
                    216,
                    218
                ],
                [
                    218,
                    219
                ],
                [
                    218,
                    220
                ],
                [
                    220,
                    221
                ],
                [
                    220,
                    222
                ],
                [
                    222,
                    223
                ],
                [
                    222,
                    224
                ],
                [
                    224,
                    225
                ],
                [
                    224,
                    227
                ],
                [
                    244,
                    245
                ],
                [
                    244,
                    246
                ],
                [
                    246,
                    247
                ],
                [
                    246,
                    248
                ],
                [
                    248,
                    249
                ],
                [
                    248,
                    251
                ]
            ],
            "missing_branches": []
        },
        "test_engine_core/logging/log_manager.py": {
            "executed_lines": [
                1,
                2,
                3,
                4,
                7,
                8,
                13,
                17,
                18,
                19,
                20,
                21,
                22,
                23,
                24,
                25,
                27,
                31,
                32,
                33,
                34,
                36,
                43,
                45,
                56,
                60,
                61,
                65,
                66,
                67,
                71,
                75,
                77,
                79,
                86,
                88,
                95,
                96,
                98,
                99,
                100,
                102,
                104,
                117,
                119,
                120,
                123,
                124,
                126,
                127,
                130,
                131,
                138,
                141,
                142,
                143,
                145,
                147,
                148,
                151,
                153,
                163,
                164,
                165,
                166,
                167,
                168,
                170,
                172,
                174,
                188,
                196,
                197,
                198,
                200,
                210,
                211,
                212,
                213
            ],
            "summary": {
                "covered_lines": 78,
                "num_statements": 78,
                "percent_covered": 100.0,
                "percent_covered_display": "100",
                "missing_lines": 0,
                "excluded_lines": 0,
                "num_branches": 24,
                "num_partial_branches": 0,
                "covered_branches": 24,
                "missing_branches": 0
            },
            "missing_lines": [],
            "excluded_lines": [],
            "executed_branches": [
                [
                    31,
                    -27
                ],
                [
                    31,
                    32
                ],
                [
                    32,
                    33
                ],
                [
                    32,
                    34
                ],
                [
                    56,
                    60
                ],
                [
                    56,
                    77
                ],
                [
                    60,
                    61
                ],
                [
                    60,
                    65
                ],
                [
                    66,
                    67
                ],
                [
                    66,
                    71
                ],
                [
                    95,
                    96
                ],
                [
                    95,
                    98
                ],
                [
                    100,
                    -88
                ],
                [
                    100,
                    102
                ],
                [
                    119,
                    120
                ],
                [
                    119,
                    123
                ],
                [
                    142,
                    143
                ],
                [
                    142,
                    145
                ],
                [
                    163,
                    164
                ],
                [
                    163,
                    165
                ],
                [
                    165,
                    166
                ],
                [
                    165,
                    167
                ],
                [
                    167,
                    168
                ],
                [
                    167,
                    170
                ]
            ],
            "missing_branches": []
        },
        "test_engine_core/network/__init__.py": {
            "executed_lines": [
                1
            ],
            "summary": {
                "covered_lines": 0,
                "num_statements": 0,
                "percent_covered": 100.0,
                "percent_covered_display": "100",
                "missing_lines": 0,
                "excluded_lines": 0,
                "num_branches": 0,
                "num_partial_branches": 0,
                "covered_branches": 0,
                "missing_branches": 0
            },
            "missing_lines": [],
            "excluded_lines": [],
            "executed_branches": [],
            "missing_branches": []
        },
        "test_engine_core/network/redis/__init__.py": {
            "executed_lines": [
                1
            ],
            "summary": {
                "covered_lines": 0,
                "num_statements": 0,
                "percent_covered": 100.0,
                "percent_covered_display": "100",
                "missing_lines": 0,
                "excluded_lines": 0,
                "num_branches": 0,
                "num_partial_branches": 0,
                "covered_branches": 0,
                "missing_branches": 0
            },
            "missing_lines": [],
            "excluded_lines": [],
            "executed_branches": [],
            "missing_branches": []
        },
        "test_engine_core/network/redis/redis_base.py": {
            "executed_lines": [
                1,
                3,
                5,
                8,
                9,
                13,
                14,
                15,
                16,
                17,
                19,
                30,
                37,
                40,
                41,
                42,
                48,
                50,
                57
            ],
            "summary": {
                "covered_lines": 18,
                "num_statements": 18,
                "percent_covered": 100.0,
                "percent_covered_display": "100",
                "missing_lines": 0,
                "excluded_lines": 0,
                "num_branches": 2,
                "num_partial_branches": 0,
                "covered_branches": 2,
                "missing_branches": 0
            },
            "missing_lines": [],
            "excluded_lines": [],
            "executed_branches": [
                [
                    30,
                    30
                ],
                [
                    30,
                    37
                ],
                [
                    30,
                    40
                ]
            ],
            "missing_branches": []
        },
        "test_engine_core/network/redis/redis_pubsub.py": {
            "executed_lines": [
                1,
                3,
                5,
                6,
                9,
                10,
                15,
                16,
                17,
                18,
                19,
                20,
                22,
                37,
                38,
                41,
                44,
                45,
                48,
                49,
                50,
                53,
                55,
                65,
                66,
                72,
                73,
                80,
                81,
                84,
                86,
                87,
                92,
                105,
                106,
                112,
                115,
                121,
                122,
                129,
                130,
                131,
                134,
                136,
                137,
                142,
                146,
                147,
                148
            ],
            "summary": {
                "covered_lines": 48,
                "num_statements": 48,
                "percent_covered": 100.0,
                "percent_covered_display": "100",
                "missing_lines": 0,
                "excluded_lines": 0,
                "num_branches": 16,
                "num_partial_branches": 0,
                "covered_branches": 16,
                "missing_branches": 0
            },
            "missing_lines": [],
            "excluded_lines": [],
            "executed_branches": [
                [
                    37,
                    38
                ],
                [
                    37,
                    41
                ],
                [
                    44,
                    45
                ],
                [
                    44,
                    48
                ],
                [
                    65,
                    66
                ],
                [
                    65,
                    72
                ],
                [
                    72,
                    73
                ],
                [
                    72,
                    80
                ],
                [
                    105,
                    106
                ],
                [
                    105,
                    112
                ],
                [
                    112,
                    112
                ],
                [
                    112,
                    115
                ],
                [
                    112,
                    121
                ],
                [
                    121,
                    122
                ],
                [
                    121,
                    129
                ],
                [
                    146,
                    -142
                ],
                [
                    146,
                    147
                ]
            ],
            "missing_branches": []
        },
        "test_engine_core/network/redis/redis_stream.py": {
            "executed_lines": [
                1,
                3,
                5,
                6,
                9,
                10,
                15,
                16,
                17,
                18,
                19,
                20,
                22,
                44,
                55,
                58,
                61,
                62,
                65,
                66,
                67,
                70,
                71,
                72,
                74,
                75,
                77,
                78,
                83,
                84,
                89,
                99,
                104,
                106,
                109,
                111,
                118,
                119,
                121,
                126,
                128,
                142,
                149,
                151,
                162,
                164,
                178,
                185,
                187,
                198,
                200,
                211,
                219,
                221,
                222,
                225,
                227,
                237,
                242,
                244,
                245,
                248,
                250,
                251,
                253,
                260,
                265,
                266,
                271,
                272,
                273,
                275,
                277,
                279,
                280,
                282,
                284,
                286,
                290
            ],
            "summary": {
                "covered_lines": 78,
                "num_statements": 78,
                "percent_covered": 100.0,
                "percent_covered_display": "100",
                "missing_lines": 0,
                "excluded_lines": 0,
                "num_branches": 28,
                "num_partial_branches": 0,
                "covered_branches": 28,
                "missing_branches": 0
            },
            "missing_lines": [],
            "excluded_lines": [],
            "executed_branches": [
                [
                    44,
                    44
                ],
                [
                    44,
                    55
                ],
                [
                    44,
                    58
                ],
                [
                    61,
                    62
                ],
                [
                    61,
                    65
                ],
                [
                    71,
                    72
                ],
                [
                    71,
                    74
                ],
                [
                    71,
                    77
                ],
                [
                    77,
                    78
                ],
                [
                    77,
                    83
                ],
                [
                    99,
                    99
                ],
                [
                    99,
                    104
                ],
                [
                    99,
                    106
                ],
                [
                    118,
                    119
                ],
                [
                    118,
                    121
                ],
                [
                    142,
                    142
                ],
                [
                    142,
                    149
                ],
                [
                    142,
                    151
                ],
                [
                    178,
                    178
                ],
                [
                    178,
                    185
                ],
                [
                    178,
                    187
                ],
                [
                    211,
                    211
                ],
                [
                    211,
                    219
                ],
                [
                    211,
                    221
                ],
                [
                    221,
                    222
                ],
                [
                    221,
                    225
                ],
                [
                    237,
                    237
                ],
                [
                    237,
                    242
                ],
                [
                    237,
                    244
                ],
                [
                    271,
                    272
                ],
                [
                    271,
                    277
                ],
                [
                    272,
                    273
                ],
                [
                    272,
                    275
                ],
                [
                    280,
                    282
                ],
                [
                    280,
                    284
                ]
            ],
            "missing_branches": []
        },
        "test_engine_core/plugins/__init__.py": {
            "executed_lines": [
                1
            ],
            "summary": {
                "covered_lines": 0,
                "num_statements": 0,
                "percent_covered": 100.0,
                "percent_covered_display": "100",
                "missing_lines": 0,
                "excluded_lines": 0,
                "num_branches": 0,
                "num_partial_branches": 0,
                "covered_branches": 0,
                "missing_branches": 0
            },
            "missing_lines": [],
            "excluded_lines": [],
            "executed_branches": [],
            "missing_branches": []
        },
        "test_engine_core/plugins/algorithm_manager.py": {
            "executed_lines": [
                1,
                2,
                3,
                5,
                6,
                9,
                10,
                14,
                16,
                17,
                24,
                25,
                27,
                28,
                57,
                59,
                60,
                67,
                68,
                69,
                72,
                75,
                78,
                79,
                82,
                85,
                93,
                95,
                96,
                99,
                102,
                103,
                106,
                107,
                108,
                116,
                123,
                124,
                125,
                126,
                128,
                130,
                131
            ],
            "summary": {
                "covered_lines": 42,
                "num_statements": 42,
                "percent_covered": 100.0,
                "percent_covered_display": "100",
                "missing_lines": 0,
                "excluded_lines": 0,
                "num_branches": 8,
                "num_partial_branches": 0,
                "covered_branches": 8,
                "missing_branches": 0
            },
            "missing_lines": [],
            "excluded_lines": [],
            "executed_branches": [
                [
                    24,
                    -16
                ],
                [
                    24,
                    25
                ],
                [
                    59,
                    60
                ],
                [
                    59,
                    67
                ],
                [
                    82,
                    82
                ],
                [
                    82,
                    85
                ],
                [
                    82,
                    93
                ],
                [
                    93,
                    95
                ],
                [
                    93,
                    123
                ]
            ],
            "missing_branches": []
        },
        "test_engine_core/plugins/data_manager.py": {
            "executed_lines": [
                1,
                2,
                3,
                4,
                6,
                7,
                8,
                9,
                10,
                13,
                14,
                20,
                21,
                23,
                24,
                31,
                32,
                34,
                35,
                54,
                55,
                56,
                61,
                69,
                73,
                74,
                81,
                84,
                85,
                86,
                87,
                88,
                89,
                94,
                100,
                101,
                104,
                105,
                106,
                109,
                110,
                113,
                114,
                124,
                125,
                129,
                130,
                134,
                138,
                139,
                142,
                143,
                151,
                157,
                164,
                168,
                173,
                180,
                181,
                187,
                189,
                194,
                201,
                202,
                218,
                219,
                220,
                221,
                222,
                225,
                230,
                232,
                233,
                234,
                236,
                237,
                255,
                256,
                257,
                258,
                259,
                262,
                267,
                269,
                270,
                271,
                273,
                274,
                293,
                296,
                297,
                298,
                299,
                302,
                305,
                306,
                307,
                308,
                310,
                312,
                313,
                329,
                330,
                331,
                335,
                339,
                340,
                341,
                342,
                343,
                344,
                345,
                346,
                347,
                349,
                351,
                352,
                368,
                369,
                373,
                374,
                375,
                376,
                377,
                378,
                379,
                385,
                387,
                388,
                398,
                400,
                402,
                403,
                405,
                406
            ],
            "summary": {
                "covered_lines": 134,
                "num_statements": 137,
                "percent_covered": 98.34254143646409,
                "percent_covered_display": "98",
                "missing_lines": 3,
                "excluded_lines": 0,
                "num_branches": 44,
                "num_partial_branches": 0,
                "covered_branches": 44,
                "missing_branches": 0
            },
            "missing_lines": [
                381,
                382,
                383
            ],
            "excluded_lines": [],
            "executed_branches": [
                [
                    31,
                    -23
                ],
                [
                    31,
                    32
                ],
                [
                    61,
                    61
                ],
                [
                    61,
                    69
                ],
                [
                    61,
                    81
                ],
                [
                    88,
                    89
                ],
                [
                    88,
                    124
                ],
                [
                    100,
                    101
                ],
                [
                    100,
                    113
                ],
                [
                    104,
                    105
                ],
                [
                    104,
                    106
                ],
                [
                    106,
                    88
                ],
                [
                    106,
                    106
                ],
                [
                    106,
                    109
                ],
                [
                    124,
                    125
                ],
                [
                    124,
                    151
                ],
                [
                    125,
                    125
                ],
                [
                    125,
                    129
                ],
                [
                    125,
                    134
                ],
                [
                    134,
                    134
                ],
                [
                    134,
                    138
                ],
                [
                    134,
                    142
                ],
                [
                    164,
                    164
                ],
                [
                    164,
                    168
                ],
                [
                    164,
                    180
                ],
                [
                    180,
                    181
                ],
                [
                    180,
                    189
                ],
                [
                    220,
                    221
                ],
                [
                    220,
                    232
                ],
                [
                    256,
                    257
                ],
                [
                    256,
                    269
                ],
                [
                    296,
                    297
                ],
                [
                    296,
                    302
                ],
                [
                    305,
                    306
                ],
                [
                    305,
                    310
                ],
                [
                    335,
                    335
                ],
                [
                    335,
                    339
                ],
                [
                    335,
                    349
                ],
                [
                    342,
                    335
                ],
                [
                    342,
                    343
                ],
                [
                    374,
                    375
                ],
                [
                    374,
                    385
                ],
                [
                    376,
                    374
                ],
                [
                    376,
                    377
                ],
                [
                    400,
                    402
                ],
                [
                    400,
                    403
                ],
                [
                    403,
                    405
                ],
                [
                    403,
                    406
                ],
                [
                    405,
                    -405
                ],
                [
                    405,
                    405
                ],
                [
                    405,
                    406
                ]
            ],
            "missing_branches": []
        },
        "test_engine_core/plugins/enums/__init__.py": {
            "executed_lines": [
                1
            ],
            "summary": {
                "covered_lines": 0,
                "num_statements": 0,
                "percent_covered": 100.0,
                "percent_covered_display": "100",
                "missing_lines": 0,
                "excluded_lines": 0,
                "num_branches": 0,
                "num_partial_branches": 0,
                "covered_branches": 0,
                "missing_branches": 0
            },
            "missing_lines": [],
            "excluded_lines": [],
            "executed_branches": [],
            "missing_branches": []
        },
        "test_engine_core/plugins/enums/data_plugin_type.py": {
            "executed_lines": [
                1,
                4,
                5,
                9,
                10,
                11
            ],
            "summary": {
                "covered_lines": 5,
                "num_statements": 5,
                "percent_covered": 100.0,
                "percent_covered_display": "100",
                "missing_lines": 0,
                "excluded_lines": 0,
                "num_branches": 0,
                "num_partial_branches": 0,
                "covered_branches": 0,
                "missing_branches": 0
            },
            "missing_lines": [],
            "excluded_lines": [],
            "executed_branches": [],
            "missing_branches": []
        },
        "test_engine_core/plugins/enums/delimiter_type.py": {
            "executed_lines": [
                1,
                4,
                5,
                9,
                10,
                11,
                12,
                13,
                14
            ],
            "summary": {
                "covered_lines": 8,
                "num_statements": 8,
                "percent_covered": 100.0,
                "percent_covered_display": "100",
                "missing_lines": 0,
                "excluded_lines": 0,
                "num_branches": 0,
                "num_partial_branches": 0,
                "covered_branches": 0,
                "missing_branches": 0
            },
            "missing_lines": [],
            "excluded_lines": [],
            "executed_branches": [],
            "missing_branches": []
        },
        "test_engine_core/plugins/enums/image_type.py": {
            "executed_lines": [
                1,
                4,
                5,
                9,
                10,
                11
            ],
            "summary": {
                "covered_lines": 5,
                "num_statements": 5,
                "percent_covered": 100.0,
                "percent_covered_display": "100",
                "missing_lines": 0,
                "excluded_lines": 0,
                "num_branches": 0,
                "num_partial_branches": 0,
                "covered_branches": 0,
                "missing_branches": 0
            },
            "missing_lines": [],
            "excluded_lines": [],
            "executed_branches": [],
            "missing_branches": []
        },
        "test_engine_core/plugins/enums/model_mode_type.py": {
            "executed_lines": [
                1,
                4,
                5,
                9,
                10
            ],
            "summary": {
                "covered_lines": 4,
                "num_statements": 4,
                "percent_covered": 100.0,
                "percent_covered_display": "100",
                "missing_lines": 0,
                "excluded_lines": 0,
                "num_branches": 0,
                "num_partial_branches": 0,
                "covered_branches": 0,
                "missing_branches": 0
            },
            "missing_lines": [],
            "excluded_lines": [],
            "executed_branches": [],
            "missing_branches": []
        },
        "test_engine_core/plugins/enums/model_plugin_type.py": {
            "executed_lines": [
                1,
                4,
                5,
                9,
                10,
                11,
                12
            ],
            "summary": {
                "covered_lines": 6,
                "num_statements": 6,
                "percent_covered": 100.0,
                "percent_covered_display": "100",
                "missing_lines": 0,
                "excluded_lines": 0,
                "num_branches": 0,
                "num_partial_branches": 0,
                "covered_branches": 0,
                "missing_branches": 0
            },
            "missing_lines": [],
            "excluded_lines": [],
            "executed_branches": [],
            "missing_branches": []
        },
        "test_engine_core/plugins/enums/model_type.py": {
            "executed_lines": [
                1,
                4,
                5,
                9,
                10
            ],
            "summary": {
                "covered_lines": 4,
                "num_statements": 4,
                "percent_covered": 100.0,
                "percent_covered_display": "100",
                "missing_lines": 0,
                "excluded_lines": 0,
                "num_branches": 0,
                "num_partial_branches": 0,
                "covered_branches": 0,
                "missing_branches": 0
            },
            "missing_lines": [],
            "excluded_lines": [],
            "executed_branches": [],
            "missing_branches": []
        },
        "test_engine_core/plugins/enums/pipeline_plugin_type.py": {
            "executed_lines": [
                1,
                4,
                5,
                9
            ],
            "summary": {
                "covered_lines": 3,
                "num_statements": 3,
                "percent_covered": 100.0,
                "percent_covered_display": "100",
                "missing_lines": 0,
                "excluded_lines": 0,
                "num_branches": 0,
                "num_partial_branches": 0,
                "covered_branches": 0,
                "missing_branches": 0
            },
            "missing_lines": [],
            "excluded_lines": [],
            "executed_branches": [],
            "missing_branches": []
        },
        "test_engine_core/plugins/enums/plugin_type.py": {
            "executed_lines": [
                1,
                4,
                5,
                9,
                10,
                11,
                12,
                13
            ],
            "summary": {
                "covered_lines": 7,
                "num_statements": 7,
                "percent_covered": 100.0,
                "percent_covered_display": "100",
                "missing_lines": 0,
                "excluded_lines": 0,
                "num_branches": 0,
                "num_partial_branches": 0,
                "covered_branches": 0,
                "missing_branches": 0
            },
            "missing_lines": [],
            "excluded_lines": [],
            "executed_branches": [],
            "missing_branches": []
        },
        "test_engine_core/plugins/enums/serializer_plugin_type.py": {
            "executed_lines": [
                1,
                4,
                5,
                9,
                10,
                11,
                12,
                13
            ],
            "summary": {
                "covered_lines": 7,
                "num_statements": 7,
                "percent_covered": 100.0,
                "percent_covered_display": "100",
                "missing_lines": 0,
                "excluded_lines": 0,
                "num_branches": 0,
                "num_partial_branches": 0,
                "covered_branches": 0,
                "missing_branches": 0
            },
            "missing_lines": [],
            "excluded_lines": [],
            "executed_branches": [],
            "missing_branches": []
        },
        "test_engine_core/plugins/metadata/__init__.py": {
            "executed_lines": [
                1
            ],
            "summary": {
                "covered_lines": 0,
                "num_statements": 0,
                "percent_covered": 100.0,
                "percent_covered_display": "100",
                "missing_lines": 0,
                "excluded_lines": 0,
                "num_branches": 0,
                "num_partial_branches": 0,
                "covered_branches": 0,
                "missing_branches": 0
            },
            "missing_lines": [],
            "excluded_lines": [],
            "executed_branches": [],
            "missing_branches": []
        },
        "test_engine_core/plugins/metadata/delimiter_metadata.py": {
            "executed_lines": [
                1,
                3,
                4,
                7,
                8,
                12,
                13,
                14,
                16,
                22,
                24,
                32,
                34,
                35,
                37,
                44,
                46,
                53,
                55,
                62,
                64,
                71
            ],
            "summary": {
                "covered_lines": 21,
                "num_statements": 21,
                "percent_covered": 100.0,
                "percent_covered_display": "100",
                "missing_lines": 0,
                "excluded_lines": 0,
                "num_branches": 4,
                "num_partial_branches": 0,
                "covered_branches": 4,
                "missing_branches": 0
            },
            "missing_lines": [],
            "excluded_lines": [],
            "executed_branches": [
                [
                    24,
                    24
                ],
                [
                    24,
                    32
                ],
                [
                    24,
                    34
                ],
                [
                    34,
                    -16
                ],
                [
                    34,
                    35
                ]
            ],
            "missing_branches": []
        },
        "test_engine_core/plugins/metadata/image_metadata.py": {
            "executed_lines": [
                1,
                3,
                4,
                7,
                8,
                12,
                13,
                14,
                16,
                17,
                19,
                20,
                22,
                23,
                25,
                32,
                34,
                41,
                43,
                50
            ],
            "summary": {
                "covered_lines": 19,
                "num_statements": 19,
                "percent_covered": 100.0,
                "percent_covered_display": "100",
                "missing_lines": 0,
                "excluded_lines": 0,
                "num_branches": 4,
                "num_partial_branches": 0,
                "covered_branches": 4,
                "missing_branches": 0
            },
            "missing_lines": [],
            "excluded_lines": [],
            "executed_branches": [
                [
                    19,
                    20
                ],
                [
                    19,
                    22
                ],
                [
                    22,
                    -16
                ],
                [
                    22,
                    23
                ]
            ],
            "missing_branches": []
        },
        "test_engine_core/plugins/metadata/plugin_metadata.py": {
            "executed_lines": [
                1,
                4,
                5,
                6,
                10,
                11,
                12
            ],
            "summary": {
                "covered_lines": 6,
                "num_statements": 6,
                "percent_covered": 100.0,
                "percent_covered_display": "100",
                "missing_lines": 0,
                "excluded_lines": 0,
                "num_branches": 2,
                "num_partial_branches": 0,
                "covered_branches": 2,
                "missing_branches": 0
            },
            "missing_lines": [],
            "excluded_lines": [],
            "executed_branches": [
                [
                    4,
                    5
                ],
                [
                    4,
                    6
                ]
            ],
            "missing_branches": []
        },
        "test_engine_core/plugins/model_manager.py": {
            "executed_lines": [
                1,
                2,
                4,
                5,
                6,
                9,
                10,
                16,
                18,
                19,
                26,
                27,
                29,
                30,
                49,
                50,
                51,
                58,
                66,
                70,
                71,
                78,
                84,
                89,
                94,
                96,
                97,
                98,
                107,
                112,
                115,
                116,
                117,
                125,
                126,
                129,
                131,
                138,
                139,
                155,
                156,
                157,
                161,
                165,
                166,
                167,
                168,
                169,
                170,
                171,
                172,
                173,
                175,
                177,
                178,
                195,
                196,
                200,
                201,
                202,
                203,
                204,
                205,
                211
            ],
            "summary": {
                "covered_lines": 63,
                "num_statements": 66,
                "percent_covered": 96.34146341463415,
                "percent_covered_display": "96",
                "missing_lines": 3,
                "excluded_lines": 0,
                "num_branches": 16,
                "num_partial_branches": 0,
                "covered_branches": 16,
                "missing_branches": 0
            },
            "missing_lines": [
                207,
                208,
                209
            ],
            "excluded_lines": [],
            "executed_branches": [
                [
                    26,
                    -18
                ],
                [
                    26,
                    27
                ],
                [
                    58,
                    58
                ],
                [
                    58,
                    66
                ],
                [
                    58,
                    78
                ],
                [
                    94,
                    96
                ],
                [
                    94,
                    107
                ],
                [
                    115,
                    116
                ],
                [
                    115,
                    125
                ],
                [
                    161,
                    161
                ],
                [
                    161,
                    165
                ],
                [
                    161,
                    175
                ],
                [
                    168,
                    161
                ],
                [
                    168,
                    169
                ],
                [
                    201,
                    202
                ],
                [
                    201,
                    211
                ],
                [
                    203,
                    201
                ],
                [
                    203,
                    204
                ]
            ],
            "missing_branches": []
        },
        "test_engine_core/plugins/pipeline_manager.py": {
            "executed_lines": [
                1,
                2,
                4,
                5,
                6,
                10,
                13,
                14,
                20,
                22,
                23,
                30,
                31,
                33,
                34,
                53,
                54,
                55,
                62,
                71,
                75,
                76,
                83,
                90,
                91,
                92,
                93,
                98,
                100,
                101,
                102,
                111,
                116,
                123,
                125,
                128,
                129,
                138,
                143,
                147,
                148,
                149,
                158,
                159,
                160,
                162,
                169,
                170,
                187,
                188,
                189,
                193,
                197,
                198,
                199,
                200,
                201,
                202,
                203,
                207,
                209,
                210,
                227,
                228,
                232,
                233,
                234,
                235,
                236,
                237,
                243
            ],
            "summary": {
                "covered_lines": 70,
                "num_statements": 75,
                "percent_covered": 94.6236559139785,
                "percent_covered_display": "95",
                "missing_lines": 5,
                "excluded_lines": 0,
                "num_branches": 18,
                "num_partial_branches": 0,
                "covered_branches": 18,
                "missing_branches": 0
            },
            "missing_lines": [
                204,
                205,
                239,
                240,
                241
            ],
            "excluded_lines": [],
            "executed_branches": [
                [
                    30,
                    -22
                ],
                [
                    30,
                    31
                ],
                [
                    62,
                    62
                ],
                [
                    62,
                    71
                ],
                [
                    62,
                    83
                ],
                [
                    92,
                    93
                ],
                [
                    92,
                    100
                ],
                [
                    123,
                    125
                ],
                [
                    123,
                    138
                ],
                [
                    147,
                    148
                ],
                [
                    147,
                    158
                ],
                [
                    193,
                    193
                ],
                [
                    193,
                    197
                ],
                [
                    193,
                    207
                ],
                [
                    200,
                    193
                ],
                [
                    200,
                    201
                ],
                [
                    233,
                    234
                ],
                [
                    233,
                    243
                ],
                [
                    235,
                    233
                ],
                [
                    235,
                    236
                ]
            ],
            "missing_branches": []
        },
        "test_engine_core/plugins/plugins_manager.py": {
            "executed_lines": [
                1,
                2,
                3,
                4,
                5,
                6,
                7,
                9,
                10,
                11,
                12,
                13,
                14,
                15,
                16,
                17,
                18,
                19,
                20,
                21,
                22,
                23,
                24,
                25,
                29,
                32,
                33,
                38,
                39,
                44,
                50,
                57,
                58,
                59,
                60,
                62,
                63,
                71,
                72,
                73,
                74,
                75,
                76,
                78,
                79,
                90,
                91,
                94,
                99,
                100,
                102,
                103,
                105,
                107,
                108,
                109,
                113,
                114,
                117,
                118,
                122,
                123,
                125,
                127,
                129,
                130,
                134,
                137,
                139,
                140,
                162,
                163,
                169,
                170,
                172,
                173,
                175,
                176,
                179,
                181,
                182,
                189,
                190,
                192,
                193,
                206,
                207,
                209,
                210,
                219,
                221,
                222,
                241,
                242,
                253,
                254,
                256,
                260,
                261,
                281,
                284,
                285,
                288,
                289,
                300,
                301,
                303,
                307,
                308,
                328,
                329,
                340,
                341,
                343,
                347,
                348,
                367,
                370,
                371,
                373,
                377,
                378,
                386,
                387,
                388,
                390,
                391,
                401,
                402,
                403,
                404,
                405,
                406,
                407,
                408,
                409,
                411,
                413,
                414,
                424,
                426,
                427,
                431,
                432,
                436,
                437,
                441,
                442,
                447,
                451,
                452,
                460,
                461,
                462,
                469,
                470,
                477,
                479,
                483,
                484
            ],
            "summary": {
                "covered_lines": 159,
                "num_statements": 160,
                "percent_covered": 99.11504424778761,
                "percent_covered_display": "99",
                "missing_lines": 1,
                "excluded_lines": 0,
                "num_branches": 66,
                "num_partial_branches": 1,
                "covered_branches": 65,
                "missing_branches": 1
            },
            "missing_lines": [
                115
            ],
            "excluded_lines": [],
            "executed_branches": [
                [
                    58,
                    -58
                ],
                [
                    58,
                    58
                ],
                [
                    58,
                    59
                ],
                [
                    71,
                    -62
                ],
                [
                    71,
                    72
                ],
                [
                    90,
                    91
                ],
                [
                    90,
                    94
                ],
                [
                    94,
                    -94
                ],
                [
                    94,
                    94
                ],
                [
                    94,
                    99
                ],
                [
                    100,
                    102
                ],
                [
                    100,
                    137
                ],
                [
                    108,
                    109
                ],
                [
                    108,
                    113
                ],
                [
                    114,
                    117
                ],
                [
                    118,
                    118
                ],
                [
                    118,
                    122
                ],
                [
                    118,
                    127
                ],
                [
                    122,
                    123
                ],
                [
                    122,
                    125
                ],
                [
                    162,
                    163
                ],
                [
                    162,
                    169
                ],
                [
                    169,
                    170
                ],
                [
                    169,
                    172
                ],
                [
                    172,
                    173
                ],
                [
                    172,
                    175
                ],
                [
                    175,
                    176
                ],
                [
                    175,
                    179
                ],
                [
                    189,
                    -181
                ],
                [
                    189,
                    190
                ],
                [
                    253,
                    254
                ],
                [
                    253,
                    256
                ],
                [
                    284,
                    285
                ],
                [
                    284,
                    288
                ],
                [
                    300,
                    301
                ],
                [
                    300,
                    303
                ],
                [
                    340,
                    341
                ],
                [
                    340,
                    343
                ],
                [
                    370,
                    371
                ],
                [
                    370,
                    373
                ],
                [
                    386,
                    -377
                ],
                [
                    386,
                    387
                ],
                [
                    387,
                    386
                ],
                [
                    387,
                    388
                ],
                [
                    401,
                    -390
                ],
                [
                    401,
                    402
                ],
                [
                    402,
                    403
                ],
                [
                    402,
                    404
                ],
                [
                    404,
                    405
                ],
                [
                    404,
                    406
                ],
                [
                    406,
                    407
                ],
                [
                    406,
                    408
                ],
                [
                    408,
                    409
                ],
                [
                    408,
                    411
                ],
                [
                    426,
                    427
                ],
                [
                    426,
                    431
                ],
                [
                    431,
                    432
                ],
                [
                    431,
                    436
                ],
                [
                    436,
                    437
                ],
                [
                    436,
                    441
                ],
                [
                    441,
                    442
                ],
                [
                    441,
                    447
                ],
                [
                    460,
                    -451
                ],
                [
                    460,
                    461
                ],
                [
                    477,
                    -469
                ],
                [
                    477,
                    479
                ],
                [
                    483,
                    477
                ],
                [
                    483,
                    484
                ]
            ],
            "missing_branches": [
                [
                    114,
                    115
                ]
            ]
        },
        "test_engine_core/utils/__init__.py": {
            "executed_lines": [
                1
            ],
            "summary": {
                "covered_lines": 0,
                "num_statements": 0,
                "percent_covered": 100.0,
                "percent_covered_display": "100",
                "missing_lines": 0,
                "excluded_lines": 0,
                "num_branches": 0,
                "num_partial_branches": 0,
                "covered_branches": 0,
                "missing_branches": 0
            },
            "missing_lines": [],
            "excluded_lines": [],
            "executed_branches": [],
            "missing_branches": []
        },
        "test_engine_core/utils/generate_uuid.py": {
            "executed_lines": [
                1,
                4,
                11
            ],
            "summary": {
                "covered_lines": 3,
                "num_statements": 3,
                "percent_covered": 100.0,
                "percent_covered_display": "100",
                "missing_lines": 0,
                "excluded_lines": 0,
                "num_branches": 0,
                "num_partial_branches": 0,
                "covered_branches": 0,
                "missing_branches": 0
            },
            "missing_lines": [],
            "excluded_lines": [],
            "executed_branches": [],
            "missing_branches": []
        },
        "test_engine_core/utils/import_modules.py": {
            "executed_lines": [
                1,
                2,
                3,
                4,
                5,
                6,
                7,
                8,
                9,
                11,
                14,
                27,
                28,
                34,
                36,
                37,
                39,
                43,
                50,
                60,
                61,
                63,
                64,
                65,
                68,
                75,
                76,
                79,
                84,
                85,
                87,
                88,
                89,
                93,
                94,
                97,
                100,
                101,
                102,
                103,
                104,
                106,
                107,
                110,
                118,
                121,
                126,
                128,
                131,
                133,
                135
            ],
            "summary": {
                "covered_lines": 51,
                "num_statements": 54,
                "percent_covered": 95.0,
                "percent_covered_display": "95",
                "missing_lines": 3,
                "excluded_lines": 0,
                "num_branches": 26,
                "num_partial_branches": 1,
                "covered_branches": 25,
                "missing_branches": 1
            },
            "missing_lines": [
                45,
                47,
                95
            ],
            "excluded_lines": [],
            "executed_branches": [
                [
                    28,
                    28
                ],
                [
                    28,
                    34
                ],
                [
                    28,
                    36
                ],
                [
                    37,
                    39
                ],
                [
                    37,
                    43
                ],
                [
                    60,
                    61
                ],
                [
                    60,
                    63
                ],
                [
                    75,
                    76
                ],
                [
                    75,
                    79
                ],
                [
                    79,
                    -79
                ],
                [
                    79,
                    79
                ],
                [
                    79,
                    84
                ],
                [
                    84,
                    -68
                ],
                [
                    84,
                    85
                ],
                [
                    88,
                    89
                ],
                [
                    88,
                    93
                ],
                [
                    94,
                    97
                ],
                [
                    101,
                    84
                ],
                [
                    101,
                    102
                ],
                [
                    103,
                    101
                ],
                [
                    103,
                    104
                ],
                [
                    121,
                    -121
                ],
                [
                    121,
                    121
                ],
                [
                    121,
                    126
                ],
                [
                    126,
                    128
                ],
                [
                    126,
                    135
                ],
                [
                    128,
                    128
                ],
                [
                    128,
                    131
                ],
                [
                    128,
                    133
                ]
            ],
            "missing_branches": [
                [
                    94,
                    95
                ]
            ]
        },
        "test_engine_core/utils/json_utils.py": {
            "executed_lines": [
                1,
                2,
                4,
                5,
                6,
                7,
                9,
                12,
                22,
                23,
                25,
                28,
                39,
                40,
                42,
                43,
                45,
                46,
                48,
                49,
                51,
                52,
                53,
                54,
                56,
                57,
                58,
                59,
                60,
                62,
                63,
                65,
                66,
                69,
                72,
                83,
                84,
                90,
                93,
                94,
                96,
                97,
                100,
                115,
                116,
                117,
                122,
                123,
                124,
                126,
                127,
                131,
                132
            ],
            "summary": {
                "covered_lines": 53,
                "num_statements": 53,
                "percent_covered": 100.0,
                "percent_covered_display": "100",
                "missing_lines": 0,
                "excluded_lines": 0,
                "num_branches": 30,
                "num_partial_branches": 0,
                "covered_branches": 30,
                "missing_branches": 0
            },
            "missing_lines": [],
            "excluded_lines": [],
            "executed_branches": [
                [
                    22,
                    23
                ],
                [
                    22,
                    25
                ],
                [
                    39,
                    40
                ],
                [
                    39,
                    42
                ],
                [
                    42,
                    43
                ],
                [
                    42,
                    45
                ],
                [
                    45,
                    46
                ],
                [
                    45,
                    48
                ],
                [
                    48,
                    49
                ],
                [
                    48,
                    51
                ],
                [
                    51,
                    52
                ],
                [
                    51,
                    56
                ],
                [
                    52,
                    53
                ],
                [
                    52,
                    54
                ],
                [
                    56,
                    57
                ],
                [
                    56,
                    62
                ],
                [
                    58,
                    59
                ],
                [
                    58,
                    60
                ],
                [
                    62,
                    63
                ],
                [
                    62,
                    65
                ],
                [
                    65,
                    66
                ],
                [
                    65,
                    69
                ],
                [
                    84,
                    84
                ],
                [
                    84,
                    90
                ],
                [
                    84,
                    93
                ],
                [
                    116,
                    117
                ],
                [
                    116,
                    122
                ],
                [
                    122,
                    -100
                ],
                [
                    122,
                    123
                ],
                [
                    122,
                    126
                ],
                [
                    126,
                    127
                ],
                [
                    126,
                    131
                ]
            ],
            "missing_branches": []
        },
        "test_engine_core/utils/log_utils.py": {
            "executed_lines": [
                1,
                2,
                3,
                4,
                5,
                8,
                17,
                19,
                20,
                25,
                26,
                28,
                29,
                31,
                32,
                34,
                35,
                37,
                38,
                41,
                43
            ],
            "summary": {
                "covered_lines": 21,
                "num_statements": 21,
                "percent_covered": 100.0,
                "percent_covered_display": "100",
                "missing_lines": 0,
                "excluded_lines": 0,
                "num_branches": 12,
                "num_partial_branches": 0,
                "covered_branches": 12,
                "missing_branches": 0
            },
            "missing_lines": [],
            "excluded_lines": [],
            "executed_branches": [
                [
                    17,
                    19
                ],
                [
                    17,
                    43
                ],
                [
                    25,
                    26
                ],
                [
                    25,
                    28
                ],
                [
                    28,
                    29
                ],
                [
                    28,
                    31
                ],
                [
                    31,
                    32
                ],
                [
                    31,
                    34
                ],
                [
                    34,
                    35
                ],
                [
                    34,
                    37
                ],
                [
                    37,
                    38
                ],
                [
                    37,
                    41
                ]
            ],
            "missing_branches": []
        },
        "test_engine_core/utils/simple_progress.py": {
            "executed_lines": [
                1,
                4,
                5,
                9,
                12,
                14,
                15,
                17,
                19,
                20,
                22,
                24,
                25,
                27,
                29,
                36,
                37,
                39,
                46,
                47,
                49,
                51,
                60,
                61,
                62,
                64,
                65,
                66,
                67
            ],
            "summary": {
                "covered_lines": 28,
                "num_statements": 28,
                "percent_covered": 100.0,
                "percent_covered_display": "100",
                "missing_lines": 0,
                "excluded_lines": 0,
                "num_branches": 16,
                "num_partial_branches": 0,
                "covered_branches": 16,
                "missing_branches": 0
            },
            "missing_lines": [],
            "excluded_lines": [],
            "executed_branches": [
                [
                    14,
                    15
                ],
                [
                    14,
                    17
                ],
                [
                    19,
                    20
                ],
                [
                    19,
                    22
                ],
                [
                    24,
                    25
                ],
                [
                    24,
                    27
                ],
                [
                    36,
                    -29
                ],
                [
                    36,
                    37
                ],
                [
                    46,
                    47
                ],
                [
                    46,
                    49
                ],
                [
                    61,
                    62
                ],
                [
                    61,
                    64
                ],
                [
                    65,
                    -51
                ],
                [
                    65,
                    66
                ],
                [
                    66,
                    -51
                ],
                [
                    66,
                    67
                ]
            ],
            "missing_branches": []
        },
        "test_engine_core/utils/time.py": {
            "executed_lines": [
                1,
                2,
                5,
                10,
                11,
                12,
                14,
                16,
                17,
                20,
                21,
                22,
                23,
                25
            ],
            "summary": {
                "covered_lines": 14,
                "num_statements": 14,
                "percent_covered": 100.0,
                "percent_covered_display": "100",
                "missing_lines": 0,
                "excluded_lines": 0,
                "num_branches": 0,
                "num_partial_branches": 0,
                "covered_branches": 0,
                "missing_branches": 0
            },
            "missing_lines": [],
            "excluded_lines": [],
            "executed_branches": [],
            "missing_branches": []
        },
        "test_engine_core/utils/validate_checks.py": {
            "executed_lines": [
                1,
                4,
                14,
                17,
                27,
                30,
                40,
                41,
                44
            ],
            "summary": {
                "covered_lines": 9,
                "num_statements": 9,
                "percent_covered": 100.0,
                "percent_covered_display": "100",
                "missing_lines": 0,
                "excluded_lines": 0,
                "num_branches": 2,
                "num_partial_branches": 0,
                "covered_branches": 2,
                "missing_branches": 0
            },
            "missing_lines": [],
            "excluded_lines": [],
            "executed_branches": [
                [
                    40,
                    41
                ],
                [
                    40,
                    44
                ]
            ],
            "missing_branches": []
        }
    },
    "totals": {
        "covered_lines": 1162,
        "num_statements": 1177,
        "percent_covered": 98.90815671162493,
        "percent_covered_display": "99",
        "missing_lines": 15,
        "excluded_lines": 0,
        "num_branches": 380,
        "num_partial_branches": 2,
        "covered_branches": 378,
        "missing_branches": 2
    }
}