{
    "meta": {
        "version": "7.2.7",
        "timestamp": "2023-06-05T16:45:06.717374",
        "branch_coverage": true,
        "show_contexts": false
    },
    "files": {
        "test_engine_app/__init__.py": {
            "executed_lines": [
                1,
                4,
                6,
                7,
                10,
                14,
                15,
                16
            ],
            "summary": {
                "covered_lines": 7,
                "num_statements": 7,
                "percent_covered": 100.0,
                "percent_covered_display": "100",
                "missing_lines": 0,
                "excluded_lines": 0,
                "num_branches": 0,
                "num_partial_branches": 0,
                "covered_branches": 0,
                "missing_branches": 0
            },
            "missing_lines": [],
            "excluded_lines": [],
            "executed_branches": [],
            "missing_branches": []
        },
        "test_engine_app/__main__.py": {
            "executed_lines": [],
            "summary": {
                "covered_lines": 0,
                "num_statements": 6,
                "percent_covered": 0.0,
                "percent_covered_display": "0",
                "missing_lines": 6,
                "excluded_lines": 2,
                "num_branches": 0,
                "num_partial_branches": 0,
                "covered_branches": 0,
                "missing_branches": 0
            },
            "missing_lines": [
                4,
                6,
                9,
                14,
                16,
                17
            ],
            "excluded_lines": [
                20,
                21
            ],
            "executed_branches": [],
            "missing_branches": []
        },
        "test_engine_app/api/__init__.py": {
            "executed_lines": [
                1
            ],
            "summary": {
                "covered_lines": 0,
                "num_statements": 0,
                "percent_covered": 100.0,
                "percent_covered_display": "100",
                "missing_lines": 0,
                "excluded_lines": 0,
                "num_branches": 0,
                "num_partial_branches": 0,
                "covered_branches": 0,
                "missing_branches": 0
            },
            "missing_lines": [],
            "excluded_lines": [],
            "executed_branches": [],
            "missing_branches": []
        },
        "test_engine_app/api/requirements_checks.py": {
            "executed_lines": [
                1,
                2,
                3,
                4,
                5,
                6,
                8,
                9,
                10,
                11,
                12,
                14,
                17,
                18,
                19,
                20,
                22,
                25,
                26,
                36,
                37,
                51,
                147,
                192,
                209,
                298,
                318,
                338
            ],
            "summary": {
                "covered_lines": 28,
                "num_statements": 118,
                "percent_covered": 19.17808219178082,
                "percent_covered_display": "19",
                "missing_lines": 90,
                "excluded_lines": 0,
                "num_branches": 28,
                "num_partial_branches": 0,
                "covered_branches": 0,
                "missing_branches": 28
            },
            "missing_lines": [
                23,
                34,
                45,
                46,
                59,
                62,
                67,
                68,
                69,
                74,
                82,
                85,
                86,
                87,
                92,
                100,
                103,
                104,
                105,
                106,
                109,
                114,
                115,
                122,
                123,
                124,
                126,
                129,
                134,
                142,
                145,
                162,
                164,
                165,
                168,
                169,
                170,
                171,
                172,
                174,
                175,
                177,
                178,
                180,
                181,
                182,
                185,
                199,
                200,
                201,
                202,
                203,
                204,
                206,
                207,
                225,
                231,
                232,
                237,
                245,
                248,
                255,
                256,
                261,
                269,
                274,
                276,
                279,
                280,
                284,
                287,
                288,
                290,
                292,
                293,
                313,
                314,
                315,
                316,
                328,
                329,
                332,
                334,
                335,
                336,
                350,
                352,
                355,
                357,
                358
            ],
            "excluded_lines": [],
            "executed_branches": [],
            "missing_branches": [
                [
                    68,
                    69
                ],
                [
                    68,
                    85
                ],
                [
                    86,
                    87
                ],
                [
                    86,
                    103
                ],
                [
                    104,
                    105
                ],
                [
                    104,
                    145
                ],
                [
                    123,
                    124
                ],
                [
                    123,
                    126
                ],
                [
                    168,
                    169
                ],
                [
                    168,
                    174
                ],
                [
                    170,
                    168
                ],
                [
                    170,
                    171
                ],
                [
                    174,
                    175
                ],
                [
                    174,
                    185
                ],
                [
                    201,
                    202
                ],
                [
                    201,
                    204
                ],
                [
                    202,
                    201
                ],
                [
                    202,
                    203
                ],
                [
                    231,
                    232
                ],
                [
                    231,
                    248
                ],
                [
                    255,
                    256
                ],
                [
                    255,
                    274
                ],
                [
                    287,
                    288
                ],
                [
                    287,
                    290
                ],
                [
                    313,
                    314
                ],
                [
                    313,
                    316
                ],
                [
                    314,
                    313
                ],
                [
                    314,
                    315
                ]
            ]
        },
        "test_engine_app/api/requirements_checks_api.py": {
            "executed_lines": [
                1,
                2,
                3,
                4,
                6,
                7,
                8,
                10,
                11,
                12,
                13,
                16,
                17,
                23,
                24,
                25,
                26,
                27,
                29,
                30,
                31,
                45,
                46,
                52,
                53,
                138,
                139,
                173,
                174
            ],
            "summary": {
                "covered_lines": 28,
                "num_statements": 69,
                "percent_covered": 36.36363636363637,
                "percent_covered_display": "36",
                "missing_lines": 41,
                "excluded_lines": 0,
                "num_branches": 8,
                "num_partial_branches": 0,
                "covered_branches": 0,
                "missing_branches": 8
            },
            "missing_lines": [
                41,
                42,
                43,
                50,
                65,
                66,
                69,
                75,
                77,
                78,
                81,
                82,
                90,
                95,
                96,
                103,
                110,
                113,
                115,
                117,
                119,
                124,
                136,
                143,
                145,
                146,
                151,
                152,
                153,
                155,
                157,
                159,
                164,
                183,
                189,
                194,
                196,
                201,
                203,
                210,
                213
            ],
            "excluded_lines": [],
            "executed_branches": [],
            "missing_branches": [
                [
                    69,
                    75
                ],
                [
                    69,
                    77
                ],
                [
                    189,
                    194
                ],
                [
                    189,
                    196
                ],
                [
                    196,
                    201
                ],
                [
                    196,
                    203
                ],
                [
                    203,
                    210
                ],
                [
                    203,
                    213
                ]
            ]
        },
        "test_engine_app/app_logger.py": {
            "executed_lines": [
                1,
                3,
                4,
                5,
                6,
                7,
                8,
                10,
                11,
                12,
                13,
                16,
                17,
                21,
                24,
                25,
                26,
                29,
                30,
                32,
                33,
                34,
                35,
                36,
                38,
                39,
                41,
                45,
                48,
                49,
                50,
                51,
                52,
                55,
                56,
                57,
                59,
                66,
                67,
                70,
                73,
                74,
                75,
                76,
                79,
                80,
                81,
                83,
                84,
                94,
                95,
                101,
                106,
                107,
                111,
                112,
                116,
                117,
                121,
                122,
                126,
                127,
                132,
                134,
                136,
                137,
                156,
                161,
                165,
                167,
                168,
                175,
                180,
                182,
                184,
                185,
                192,
                197,
                199
            ],
            "summary": {
                "covered_lines": 78,
                "num_statements": 78,
                "percent_covered": 100.0,
                "percent_covered_display": "100",
                "missing_lines": 0,
                "excluded_lines": 0,
                "num_branches": 20,
                "num_partial_branches": 0,
                "covered_branches": 20,
                "missing_branches": 0
            },
            "missing_lines": [],
            "excluded_lines": [],
            "executed_branches": [
                [
                    66,
                    67
                ],
                [
                    66,
                    70
                ],
                [
                    101,
                    101
                ],
                [
                    101,
                    106
                ],
                [
                    101,
                    134
                ],
                [
                    106,
                    107
                ],
                [
                    106,
                    111
                ],
                [
                    111,
                    112
                ],
                [
                    111,
                    116
                ],
                [
                    116,
                    117
                ],
                [
                    116,
                    121
                ],
                [
                    121,
                    122
                ],
                [
                    121,
                    126
                ],
                [
                    126,
                    127
                ],
                [
                    126,
                    132
                ],
                [
                    156,
                    156
                ],
                [
                    156,
                    161
                ],
                [
                    156,
                    165
                ],
                [
                    175,
                    175
                ],
                [
                    175,
                    180
                ],
                [
                    175,
                    182
                ],
                [
                    192,
                    192
                ],
                [
                    192,
                    197
                ],
                [
                    192,
                    199
                ]
            ],
            "missing_branches": []
        },
        "test_engine_app/config/__init__.py": {
            "executed_lines": [
                1
            ],
            "summary": {
                "covered_lines": 0,
                "num_statements": 0,
                "percent_covered": 100.0,
                "percent_covered_display": "100",
                "missing_lines": 0,
                "excluded_lines": 0,
                "num_branches": 0,
                "num_partial_branches": 0,
                "covered_branches": 0,
                "missing_branches": 0
            },
            "missing_lines": [],
            "excluded_lines": [],
            "executed_branches": [],
            "missing_branches": []
        },
        "test_engine_app/config/environment_variables.py": {
            "executed_lines": [
                1,
                2,
                4,
                5,
                8,
                9,
                13,
                14,
                15,
                16,
                17,
                18,
                19,
                21,
                22,
                24,
                26,
                29,
                33,
                37,
                38,
                39,
                40,
                42,
                51,
                52,
                53,
                56,
                57,
                58,
                59,
                62,
                64,
                66,
                68,
                69,
                91,
                92,
                95,
                99,
                100,
                103,
                107,
                108,
                111,
                116,
                117,
                120,
                125,
                126,
                129,
                130,
                131,
                134,
                135,
                136,
                138,
                140,
                141,
                148,
                149,
                152,
                153,
                156,
                159,
                160,
                162,
                164,
                165,
                172,
                174,
                175,
                182,
                184,
                185,
                192,
                194,
                195,
                202,
                204,
                205,
                212,
                214,
                215,
                222
            ],
            "summary": {
                "covered_lines": 84,
                "num_statements": 84,
                "percent_covered": 100.0,
                "percent_covered_display": "100",
                "missing_lines": 0,
                "excluded_lines": 0,
                "num_branches": 16,
                "num_partial_branches": 0,
                "covered_branches": 16,
                "missing_branches": 0
            },
            "missing_lines": [],
            "excluded_lines": [],
            "executed_branches": [
                [
                    24,
                    -21
                ],
                [
                    24,
                    26
                ],
                [
                    51,
                    52
                ],
                [
                    51,
                    62
                ],
                [
                    95,
                    95
                ],
                [
                    95,
                    99
                ],
                [
                    95,
                    103
                ],
                [
                    103,
                    103
                ],
                [
                    103,
                    107
                ],
                [
                    103,
                    111
                ],
                [
                    111,
                    111
                ],
                [
                    111,
                    116
                ],
                [
                    111,
                    120
                ],
                [
                    120,
                    120
                ],
                [
                    120,
                    125
                ],
                [
                    120,
                    129
                ],
                [
                    129,
                    130
                ],
                [
                    129,
                    134
                ],
                [
                    134,
                    135
                ],
                [
                    134,
                    138
                ]
            ],
            "missing_branches": []
        },
        "test_engine_app/enums/__init__.py": {
            "executed_lines": [
                1
            ],
            "summary": {
                "covered_lines": 0,
                "num_statements": 0,
                "percent_covered": 100.0,
                "percent_covered_display": "100",
                "missing_lines": 0,
                "excluded_lines": 0,
                "num_branches": 0,
                "num_partial_branches": 0,
                "covered_branches": 0,
                "missing_branches": 0
            },
            "missing_lines": [],
            "excluded_lines": [],
            "executed_branches": [],
            "missing_branches": []
        },
        "test_engine_app/enums/service_response.py": {
            "executed_lines": [
                1,
                4,
                5,
                9,
                10,
                11
            ],
            "summary": {
                "covered_lines": 5,
                "num_statements": 5,
                "percent_covered": 100.0,
                "percent_covered_display": "100",
                "missing_lines": 0,
                "excluded_lines": 0,
                "num_branches": 0,
                "num_partial_branches": 0,
                "covered_branches": 0,
                "missing_branches": 0
            },
            "missing_lines": [],
            "excluded_lines": [],
            "executed_branches": [],
            "missing_branches": []
        },
        "test_engine_app/enums/service_status.py": {
            "executed_lines": [
                1,
                4,
                5,
                9,
                10,
                11,
                12
            ],
            "summary": {
                "covered_lines": 6,
                "num_statements": 6,
                "percent_covered": 100.0,
                "percent_covered_display": "100",
                "missing_lines": 0,
                "excluded_lines": 0,
                "num_branches": 0,
                "num_partial_branches": 0,
                "covered_branches": 0,
                "missing_branches": 0
            },
            "missing_lines": [],
            "excluded_lines": [],
            "executed_branches": [],
            "missing_branches": []
        },
        "test_engine_app/enums/service_type.py": {
            "executed_lines": [
                1,
                4,
                5,
                9,
                10
            ],
            "summary": {
                "covered_lines": 4,
                "num_statements": 4,
                "percent_covered": 100.0,
                "percent_covered_display": "100",
                "missing_lines": 0,
                "excluded_lines": 0,
                "num_branches": 0,
                "num_partial_branches": 0,
                "covered_branches": 0,
                "missing_branches": 0
            },
            "missing_lines": [],
            "excluded_lines": [],
            "executed_branches": [],
            "missing_branches": []
        },
        "test_engine_app/enums/service_validation_type.py": {
            "executed_lines": [
                1,
                4,
                5,
                9,
                10
            ],
            "summary": {
                "covered_lines": 4,
                "num_statements": 4,
                "percent_covered": 100.0,
                "percent_covered_display": "100",
                "missing_lines": 0,
                "excluded_lines": 0,
                "num_branches": 0,
                "num_partial_branches": 0,
                "covered_branches": 0,
                "missing_branches": 0
            },
            "missing_lines": [],
            "excluded_lines": [],
            "executed_branches": [],
            "missing_branches": []
        },
        "test_engine_app/enums/task_status.py": {
            "executed_lines": [
                1,
                4,
                5,
                9,
                10,
                11,
                12,
                13
            ],
            "summary": {
                "covered_lines": 7,
                "num_statements": 7,
                "percent_covered": 100.0,
                "percent_covered_display": "100",
                "missing_lines": 0,
                "excluded_lines": 0,
                "num_branches": 0,
                "num_partial_branches": 0,
                "covered_branches": 0,
                "missing_branches": 0
            },
            "missing_lines": [],
            "excluded_lines": [],
            "executed_branches": [],
            "missing_branches": []
        },
        "test_engine_app/enums/task_type.py": {
            "executed_lines": [
                1,
                4,
                5,
                9,
                10
            ],
            "summary": {
                "covered_lines": 4,
                "num_statements": 4,
                "percent_covered": 100.0,
                "percent_covered_display": "100",
                "missing_lines": 0,
                "excluded_lines": 0,
                "num_branches": 0,
                "num_partial_branches": 0,
                "covered_branches": 0,
                "missing_branches": 0
            },
            "missing_lines": [],
            "excluded_lines": [],
            "executed_branches": [],
            "missing_branches": []
        },
        "test_engine_app/enums/worker_type.py": {
            "executed_lines": [
                1,
                4,
                5,
                9,
                10,
                11
            ],
            "summary": {
                "covered_lines": 5,
                "num_statements": 5,
                "percent_covered": 100.0,
                "percent_covered_display": "100",
                "missing_lines": 0,
                "excluded_lines": 0,
                "num_branches": 0,
                "num_partial_branches": 0,
                "covered_branches": 0,
                "missing_branches": 0
            },
            "missing_lines": [],
            "excluded_lines": [],
            "executed_branches": [],
            "missing_branches": []
        },
        "test_engine_app/interfaces/__init__.py": {
            "executed_lines": [
                1
            ],
            "summary": {
                "covered_lines": 0,
                "num_statements": 0,
                "percent_covered": 100.0,
                "percent_covered_display": "100",
                "missing_lines": 0,
                "excluded_lines": 0,
                "num_branches": 0,
                "num_partial_branches": 0,
                "covered_branches": 0,
                "missing_branches": 0
            },
            "missing_lines": [],
            "excluded_lines": [],
            "executed_branches": [],
            "missing_branches": []
        },
        "test_engine_app/interfaces/iworkerfunction.py": {
            "executed_lines": [
                1,
                4,
                5,
                9,
                10,
                13,
                14,
                17,
                18,
                21,
                22,
                25,
                26,
                29,
                30
            ],
            "summary": {
                "covered_lines": 14,
                "num_statements": 20,
                "percent_covered": 70.0,
                "percent_covered_display": "70",
                "missing_lines": 6,
                "excluded_lines": 0,
                "num_branches": 0,
                "num_partial_branches": 0,
                "covered_branches": 0,
                "missing_branches": 0
            },
            "missing_lines": [
                11,
                15,
                19,
                23,
                27,
                31
            ],
            "excluded_lines": [],
            "executed_branches": [],
            "missing_branches": []
        },
        "test_engine_app/network/__init__.py": {
            "executed_lines": [
                1
            ],
            "summary": {
                "covered_lines": 0,
                "num_statements": 0,
                "percent_covered": 100.0,
                "percent_covered_display": "100",
                "missing_lines": 0,
                "excluded_lines": 0,
                "num_branches": 0,
                "num_partial_branches": 0,
                "covered_branches": 0,
                "missing_branches": 0
            },
            "missing_lines": [],
            "excluded_lines": [],
            "executed_branches": [],
            "missing_branches": []
        },
        "test_engine_app/network/redis.py": {
            "executed_lines": [
                1,
                2,
                3,
                5,
                6,
                7,
                8,
                10,
                11,
                20,
                21,
                26,
                27,
                28,
                29,
                30,
                31,
                32,
                33,
                34,
                36,
                37,
                45,
                46,
                48,
                49,
                51,
                52,
                59,
                60,
                62,
                63,
                67,
                68,
                70,
                71,
                73,
                74,
                76,
                77,
                79,
                80,
                101,
                102,
                109,
                110,
                115,
                123,
                126,
                127,
                134,
                135,
                140,
                142,
                144,
                145,
                146,
                151,
                159,
                161,
                162,
                170,
                173,
                176,
                179,
                182,
                184,
                191,
                193,
                195,
                196,
                212,
                213,
                214,
                215,
                217,
                219,
                220,
                221,
                223,
                225,
                227,
                228,
                231,
                236,
                244,
                246,
                247,
                248,
                253,
                261,
                263,
                264,
                286,
                287,
                288,
                296,
                298,
                300,
                303,
                306,
                307,
                308,
                310,
                312,
                314,
                315,
                318,
                323,
                331,
                336,
                337,
                339,
                340,
                341,
                346,
                354,
                356,
                357,
                372,
                373,
                374,
                375,
                377,
                379,
                382,
                385,
                388,
                391,
                392,
                393,
                395,
                397,
                399,
                400,
                403,
                408,
                416,
                418,
                419,
                420,
                425,
                433,
                435,
                436,
                450,
                451,
                452,
                453,
                455,
                456,
                458,
                460,
                461,
                464,
                469,
                477,
                479,
                480,
                481,
                486,
                494,
                496,
                497,
                512,
                513,
                514,
                515,
                517,
                518,
                520,
                522,
                523,
                526,
                531,
                539,
                541,
                542,
                543,
                548,
                556,
                558,
                559,
                575,
                577,
                578,
                583,
                584,
                587,
                588,
                590,
                592,
                593,
                596,
                601,
                609,
                611,
                612,
                633,
                635,
                636,
                641,
                642,
                647,
                648,
                651,
                652,
                654,
                655,
                660,
                662,
                664,
                665,
                668,
                673,
                681
            ],
            "summary": {
                "covered_lines": 215,
                "num_statements": 215,
                "percent_covered": 100.0,
                "percent_covered_display": "100",
                "missing_lines": 0,
                "excluded_lines": 0,
                "num_branches": 74,
                "num_partial_branches": 0,
                "covered_branches": 74,
                "missing_branches": 0
            },
            "missing_lines": [],
            "excluded_lines": [],
            "executed_branches": [
                [
                    45,
                    46
                ],
                [
                    45,
                    48
                ],
                [
                    48,
                    -36
                ],
                [
                    48,
                    49
                ],
                [
                    59,
                    -51
                ],
                [
                    59,
                    60
                ],
                [
                    67,
                    68
                ],
                [
                    67,
                    70
                ],
                [
                    70,
                    71
                ],
                [
                    70,
                    73
                ],
                [
                    73,
                    74
                ],
                [
                    73,
                    76
                ],
                [
                    76,
                    -62
                ],
                [
                    76,
                    77
                ],
                [
                    102,
                    102
                ],
                [
                    102,
                    109
                ],
                [
                    102,
                    126
                ],
                [
                    134,
                    135
                ],
                [
                    134,
                    142
                ],
                [
                    184,
                    184
                ],
                [
                    184,
                    191
                ],
                [
                    184,
                    193
                ],
                [
                    214,
                    215
                ],
                [
                    214,
                    217
                ],
                [
                    217,
                    219
                ],
                [
                    217,
                    225
                ],
                [
                    220,
                    221
                ],
                [
                    220,
                    223
                ],
                [
                    227,
                    228
                ],
                [
                    227,
                    246
                ],
                [
                    288,
                    288
                ],
                [
                    288,
                    296
                ],
                [
                    288,
                    298
                ],
                [
                    298,
                    300
                ],
                [
                    298,
                    312
                ],
                [
                    303,
                    306
                ],
                [
                    303,
                    310
                ],
                [
                    307,
                    308
                ],
                [
                    307,
                    310
                ],
                [
                    314,
                    315
                ],
                [
                    314,
                    339
                ],
                [
                    374,
                    375
                ],
                [
                    374,
                    377
                ],
                [
                    377,
                    379
                ],
                [
                    377,
                    397
                ],
                [
                    382,
                    385
                ],
                [
                    382,
                    395
                ],
                [
                    388,
                    391
                ],
                [
                    388,
                    395
                ],
                [
                    392,
                    393
                ],
                [
                    392,
                    395
                ],
                [
                    399,
                    400
                ],
                [
                    399,
                    418
                ],
                [
                    452,
                    453
                ],
                [
                    452,
                    455
                ],
                [
                    455,
                    456
                ],
                [
                    455,
                    458
                ],
                [
                    460,
                    461
                ],
                [
                    460,
                    479
                ],
                [
                    514,
                    515
                ],
                [
                    514,
                    517
                ],
                [
                    517,
                    518
                ],
                [
                    517,
                    520
                ],
                [
                    522,
                    523
                ],
                [
                    522,
                    541
                ],
                [
                    577,
                    578
                ],
                [
                    577,
                    583
                ],
                [
                    587,
                    588
                ],
                [
                    587,
                    590
                ],
                [
                    635,
                    636
                ],
                [
                    635,
                    641
                ],
                [
                    641,
                    642
                ],
                [
                    641,
                    647
                ],
                [
                    651,
                    652
                ],
                [
                    651,
                    654
                ],
                [
                    654,
                    655
                ],
                [
                    654,
                    662
                ]
            ],
            "missing_branches": []
        },
        "test_engine_app/network/redis_constants.py": {
            "executed_lines": [
                3,
                4,
                5,
                6,
                7,
                8,
                9
            ],
            "summary": {
                "covered_lines": 7,
                "num_statements": 7,
                "percent_covered": 100.0,
                "percent_covered_display": "100",
                "missing_lines": 0,
                "excluded_lines": 0,
                "num_branches": 0,
                "num_partial_branches": 0,
                "covered_branches": 0,
                "missing_branches": 0
            },
            "missing_lines": [],
            "excluded_lines": [],
            "executed_branches": [],
            "missing_branches": []
        },
        "test_engine_app/processing/__init__.py": {
            "executed_lines": [
                1
            ],
            "summary": {
                "covered_lines": 0,
                "num_statements": 0,
                "percent_covered": 100.0,
                "percent_covered_display": "100",
                "missing_lines": 0,
                "excluded_lines": 0,
                "num_branches": 0,
                "num_partial_branches": 0,
                "covered_branches": 0,
                "missing_branches": 0
            },
            "missing_lines": [],
            "excluded_lines": [],
            "executed_branches": [],
            "missing_branches": []
        },
        "test_engine_app/processing/algorithm_info.py": {
            "executed_lines": [
                1,
                2,
                4,
                7,
                8,
                12,
                13,
                14,
                15,
                16,
                18,
                19,
                20,
                22,
                23,
                24,
                27,
                30,
                32,
                39,
                41,
                48,
                50,
                57,
                59,
                66,
                68,
                78,
                79,
                81
            ],
            "summary": {
                "covered_lines": 29,
                "num_statements": 29,
                "percent_covered": 100.0,
                "percent_covered_display": "100",
                "missing_lines": 0,
                "excluded_lines": 0,
                "num_branches": 4,
                "num_partial_branches": 0,
                "covered_branches": 4,
                "missing_branches": 0
            },
            "missing_lines": [],
            "excluded_lines": [],
            "executed_branches": [
                [
                    19,
                    20
                ],
                [
                    19,
                    22
                ],
                [
                    78,
                    79
                ],
                [
                    78,
                    81
                ]
            ],
            "missing_branches": []
        },
        "test_engine_app/processing/plugin_controller.py": {
            "executed_lines": [
                1,
                2,
                4,
                5,
                6,
                7,
                8,
                9,
                10,
                11,
                12,
                13,
                16,
                17,
                22,
                24,
                25,
                32,
                33,
                35,
                36,
                44,
                49,
                50,
                56,
                57,
                69,
                71,
                74,
                79,
                81,
                82,
                161,
                162,
                272,
                273,
                359,
                360,
                427,
                428,
                465,
                466,
                476,
                477,
                483
            ],
            "summary": {
                "covered_lines": 44,
                "num_statements": 124,
                "percent_covered": 30.263157894736842,
                "percent_covered_display": "30",
                "missing_lines": 80,
                "excluded_lines": 0,
                "num_branches": 28,
                "num_partial_branches": 2,
                "covered_branches": 2,
                "missing_branches": 26
            },
            "missing_lines": [
                77,
                100,
                107,
                110,
                112,
                119,
                120,
                122,
                125,
                128,
                136,
                137,
                141,
                148,
                153,
                159,
                169,
                170,
                176,
                177,
                179,
                182,
                185,
                196,
                199,
                201,
                205,
                208,
                219,
                226,
                231,
                235,
                242,
                246,
                249,
                259,
                262,
                263,
                280,
                281,
                287,
                288,
                291,
                294,
                296,
                300,
                303,
                314,
                321,
                325,
                332,
                333,
                336,
                346,
                349,
                350,
                367,
                368,
                374,
                375,
                377,
                378,
                384,
                385,
                388,
                398,
                401,
                404,
                414,
                417,
                418,
                446,
                447,
                448,
                450,
                452,
                458,
                460,
                463,
                479
            ],
            "excluded_lines": [],
            "executed_branches": [
                [
                    69,
                    71
                ],
                [
                    477,
                    483
                ]
            ],
            "missing_branches": [
                [
                    69,
                    77
                ],
                [
                    107,
                    110
                ],
                [
                    107,
                    159
                ],
                [
                    120,
                    122
                ],
                [
                    120,
                    141
                ],
                [
                    176,
                    177
                ],
                [
                    176,
                    259
                ],
                [
                    177,
                    179
                ],
                [
                    177,
                    196
                ],
                [
                    199,
                    201
                ],
                [
                    199,
                    219
                ],
                [
                    231,
                    235
                ],
                [
                    231,
                    242
                ],
                [
                    287,
                    288
                ],
                [
                    287,
                    346
                ],
                [
                    288,
                    291
                ],
                [
                    288,
                    332
                ],
                [
                    294,
                    296
                ],
                [
                    294,
                    314
                ],
                [
                    374,
                    375
                ],
                [
                    374,
                    414
                ],
                [
                    375,
                    377
                ],
                [
                    375,
                    398
                ],
                [
                    377,
                    378
                ],
                [
                    377,
                    384
                ],
                [
                    477,
                    479
                ]
            ]
        },
        "test_engine_app/processing/service.py": {
            "executed_lines": [
                1,
                2,
                4,
                6,
                7,
                8,
                9,
                10,
                11,
                12,
                13,
                14,
                17,
                18,
                23,
                31,
                43,
                45,
                46,
                47,
                48,
                50,
                54,
                55,
                56,
                59,
                60,
                62,
                67,
                70,
                71,
                74,
                75,
                82,
                90,
                95,
                97,
                101,
                106,
                107,
                108,
                110,
                117,
                121,
                128,
                130,
                139,
                148,
                155,
                158,
                160,
                161,
                162,
                167,
                177,
                178,
                185,
                194,
                197,
                198,
                199,
                203,
                208,
                218,
                222,
                227,
                237,
                239,
                241,
                245,
                250,
                251
            ],
            "summary": {
                "covered_lines": 71,
                "num_statements": 72,
                "percent_covered": 98.86363636363636,
                "percent_covered_display": "99",
                "missing_lines": 1,
                "excluded_lines": 0,
                "num_branches": 16,
                "num_partial_branches": 0,
                "covered_branches": 16,
                "missing_branches": 0
            },
            "missing_lines": [
                137
            ],
            "excluded_lines": [],
            "executed_branches": [
                [
                    31,
                    31
                ],
                [
                    31,
                    43
                ],
                [
                    31,
                    45
                ],
                [
                    50,
                    50
                ],
                [
                    50,
                    54
                ],
                [
                    50,
                    62
                ],
                [
                    54,
                    55
                ],
                [
                    54,
                    59
                ],
                [
                    106,
                    -97
                ],
                [
                    106,
                    107
                ],
                [
                    158,
                    160
                ],
                [
                    158,
                    194
                ],
                [
                    177,
                    178
                ],
                [
                    177,
                    185
                ],
                [
                    194,
                    194
                ],
                [
                    194,
                    197
                ],
                [
                    194,
                    218
                ],
                [
                    250,
                    -241
                ],
                [
                    250,
                    251
                ]
            ],
            "missing_branches": []
        },
        "test_engine_app/processing/service_argument.py": {
            "executed_lines": [
                1,
                2,
                3,
                5,
                6,
                7,
                9,
                10,
                13,
                14,
                20,
                23,
                24,
                25,
                26,
                29,
                32,
                33,
                34,
                36,
                39,
                44,
                46,
                47,
                48,
                49,
                50,
                51,
                52,
                53,
                54,
                55,
                60,
                65,
                78,
                79,
                80,
                83,
                84,
                87,
                90,
                91,
                92,
                95,
                96,
                97,
                98,
                100,
                103,
                104,
                105,
                107,
                111,
                112,
                117,
                118,
                120,
                130,
                131,
                133,
                134,
                137,
                138,
                142,
                147,
                148,
                149,
                150,
                152
            ],
            "summary": {
                "covered_lines": 68,
                "num_statements": 68,
                "percent_covered": 100.0,
                "percent_covered_display": "100",
                "missing_lines": 0,
                "excluded_lines": 0,
                "num_branches": 20,
                "num_partial_branches": 0,
                "covered_branches": 20,
                "missing_branches": 0
            },
            "missing_lines": [],
            "excluded_lines": [],
            "executed_branches": [
                [
                    39,
                    39
                ],
                [
                    39,
                    44
                ],
                [
                    39,
                    46
                ],
                [
                    54,
                    55
                ],
                [
                    54,
                    60
                ],
                [
                    79,
                    80
                ],
                [
                    79,
                    83
                ],
                [
                    87,
                    90
                ],
                [
                    87,
                    111
                ],
                [
                    90,
                    91
                ],
                [
                    90,
                    95
                ],
                [
                    97,
                    98
                ],
                [
                    97,
                    100
                ],
                [
                    104,
                    105
                ],
                [
                    104,
                    107
                ],
                [
                    133,
                    134
                ],
                [
                    133,
                    137
                ],
                [
                    137,
                    138
                ],
                [
                    137,
                    142
                ],
                [
                    147,
                    148
                ],
                [
                    147,
                    152
                ]
            ],
            "missing_branches": []
        },
        "test_engine_app/processing/service_processing.py": {
            "executed_lines": [
                1,
                2,
                4,
                6,
                7,
                8,
                9,
                10,
                11,
                14,
                15,
                19,
                26,
                27,
                28,
                29,
                31,
                41,
                71,
                157,
                240,
                375,
                407
            ],
            "summary": {
                "covered_lines": 22,
                "num_statements": 124,
                "percent_covered": 15.277777777777779,
                "percent_covered_display": "15",
                "missing_lines": 102,
                "excluded_lines": 0,
                "num_branches": 20,
                "num_partial_branches": 0,
                "covered_branches": 0,
                "missing_branches": 20
            },
            "missing_lines": [
                39,
                55,
                56,
                57,
                59,
                60,
                64,
                67,
                69,
                83,
                85,
                96,
                97,
                101,
                106,
                114,
                115,
                119,
                120,
                121,
                128,
                129,
                130,
                132,
                134,
                137,
                142,
                152,
                153,
                155,
                169,
                171,
                179,
                180,
                184,
                189,
                197,
                198,
                202,
                203,
                204,
                211,
                212,
                213,
                215,
                217,
                220,
                225,
                235,
                236,
                238,
                250,
                251,
                253,
                258,
                259,
                263,
                268,
                276,
                277,
                281,
                282,
                283,
                285,
                286,
                290,
                295,
                303,
                304,
                308,
                309,
                310,
                311,
                313,
                328,
                329,
                331,
                335,
                340,
                348,
                349,
                351,
                353,
                356,
                361,
                370,
                371,
                373,
                389,
                390,
                395,
                404,
                405,
                419,
                420,
                423,
                424,
                425,
                430,
                431,
                432,
                434
            ],
            "excluded_lines": [],
            "executed_branches": [],
            "missing_branches": [
                [
                    59,
                    60
                ],
                [
                    59,
                    64
                ],
                [
                    64,
                    67
                ],
                [
                    64,
                    69
                ],
                [
                    96,
                    97
                ],
                [
                    96,
                    119
                ],
                [
                    179,
                    180
                ],
                [
                    179,
                    202
                ],
                [
                    258,
                    259
                ],
                [
                    258,
                    281
                ],
                [
                    283,
                    285
                ],
                [
                    283,
                    331
                ],
                [
                    285,
                    286
                ],
                [
                    285,
                    308
                ],
                [
                    309,
                    310
                ],
                [
                    309,
                    311
                ],
                [
                    423,
                    424
                ],
                [
                    423,
                    430
                ],
                [
                    430,
                    431
                ],
                [
                    430,
                    434
                ]
            ]
        },
        "test_engine_app/processing/service_result.py": {
            "executed_lines": [
                1,
                2,
                4,
                5,
                6,
                8,
                9,
                10,
                11,
                14,
                15,
                19,
                20,
                21,
                22,
                23,
                24,
                25,
                26,
                27,
                28,
                30,
                31,
                32,
                34,
                35,
                36,
                37,
                38,
                39,
                40,
                41,
                42,
                43,
                44,
                46,
                59,
                62,
                63,
                64,
                65,
                66,
                67,
                68,
                77,
                78,
                79,
                86,
                91,
                92,
                100,
                102,
                107,
                108,
                109,
                111,
                117,
                119,
                120,
                121,
                123,
                129,
                131,
                132,
                133,
                135,
                145,
                147,
                148,
                154,
                155,
                156,
                164
            ],
            "summary": {
                "covered_lines": 72,
                "num_statements": 72,
                "percent_covered": 100.0,
                "percent_covered_display": "100",
                "missing_lines": 0,
                "excluded_lines": 0,
                "num_branches": 8,
                "num_partial_branches": 0,
                "covered_branches": 8,
                "missing_branches": 0
            },
            "missing_lines": [],
            "excluded_lines": [],
            "executed_branches": [
                [
                    31,
                    32
                ],
                [
                    31,
                    34
                ],
                [
                    59,
                    59
                ],
                [
                    59,
                    62
                ],
                [
                    59,
                    86
                ],
                [
                    62,
                    63
                ],
                [
                    62,
                    77
                ],
                [
                    145,
                    147
                ],
                [
                    145,
                    154
                ]
            ],
            "missing_branches": []
        },
        "test_engine_app/processing/stream_formatter.py": {
            "executed_lines": [
                1,
                2,
                4,
                5,
                7,
                8,
                9,
                10,
                11,
                12,
                15,
                16,
                20,
                21,
                33,
                35,
                40,
                42,
                43,
                57,
                58,
                69,
                71,
                72,
                90,
                97,
                99,
                100,
                105,
                109,
                110,
                125,
                126,
                127,
                137,
                138,
                152,
                161,
                163,
                164,
                179,
                180,
                181,
                191,
                192,
                203,
                212,
                214,
                215,
                225,
                226,
                227
            ],
            "summary": {
                "covered_lines": 51,
                "num_statements": 51,
                "percent_covered": 100.0,
                "percent_covered_display": "100",
                "missing_lines": 0,
                "excluded_lines": 0,
                "num_branches": 16,
                "num_partial_branches": 0,
                "covered_branches": 16,
                "missing_branches": 0
            },
            "missing_lines": [],
            "excluded_lines": [],
            "executed_branches": [
                [
                    35,
                    35
                ],
                [
                    35,
                    40
                ],
                [
                    35,
                    42
                ],
                [
                    42,
                    43
                ],
                [
                    42,
                    57
                ],
                [
                    90,
                    90
                ],
                [
                    90,
                    97
                ],
                [
                    90,
                    99
                ],
                [
                    99,
                    100
                ],
                [
                    99,
                    105
                ],
                [
                    126,
                    127
                ],
                [
                    126,
                    137
                ],
                [
                    137,
                    138
                ],
                [
                    137,
                    152
                ],
                [
                    180,
                    181
                ],
                [
                    180,
                    191
                ],
                [
                    191,
                    192
                ],
                [
                    191,
                    203
                ]
            ],
            "missing_branches": []
        },
        "test_engine_app/processing/stream_processing.py": {
            "executed_lines": [
                1,
                2,
                4,
                5,
                6,
                7,
                8,
                9,
                10,
                11,
                13,
                14,
                17,
                18,
                19,
                49,
                50,
                105,
                106,
                162,
                163,
                231,
                232,
                293,
                294
            ],
            "summary": {
                "covered_lines": 25,
                "num_statements": 75,
                "percent_covered": 24.271844660194176,
                "percent_covered_display": "24",
                "missing_lines": 50,
                "excluded_lines": 0,
                "num_branches": 28,
                "num_partial_branches": 0,
                "covered_branches": 0,
                "missing_branches": 28
            },
            "missing_lines": [
                30,
                35,
                44,
                45,
                47,
                66,
                74,
                75,
                82,
                88,
                89,
                90,
                91,
                93,
                99,
                122,
                131,
                132,
                139,
                145,
                146,
                147,
                148,
                150,
                156,
                186,
                200,
                201,
                208,
                214,
                215,
                216,
                217,
                219,
                225,
                249,
                258,
                259,
                266,
                272,
                273,
                274,
                275,
                281,
                287,
                335,
                355,
                356,
                359,
                362
            ],
            "excluded_lines": [],
            "executed_branches": [],
            "missing_branches": [
                [
                    44,
                    45
                ],
                [
                    44,
                    47
                ],
                [
                    74,
                    75
                ],
                [
                    74,
                    82
                ],
                [
                    88,
                    89
                ],
                [
                    88,
                    99
                ],
                [
                    90,
                    91
                ],
                [
                    90,
                    93
                ],
                [
                    131,
                    132
                ],
                [
                    131,
                    139
                ],
                [
                    145,
                    146
                ],
                [
                    145,
                    156
                ],
                [
                    147,
                    148
                ],
                [
                    147,
                    150
                ],
                [
                    200,
                    201
                ],
                [
                    200,
                    208
                ],
                [
                    214,
                    215
                ],
                [
                    214,
                    225
                ],
                [
                    216,
                    217
                ],
                [
                    216,
                    219
                ],
                [
                    258,
                    259
                ],
                [
                    258,
                    266
                ],
                [
                    272,
                    273
                ],
                [
                    272,
                    287
                ],
                [
                    274,
                    275
                ],
                [
                    274,
                    281
                ],
                [
                    355,
                    356
                ],
                [
                    355,
                    362
                ]
            ]
        },
        "test_engine_app/processing/stream_validation.py": {
            "executed_lines": [
                1,
                2,
                4,
                5,
                6,
                8,
                11,
                12,
                16,
                17,
                27,
                28,
                30,
                33,
                37,
                38,
                39,
                41,
                43,
                44,
                82,
                83,
                102,
                103,
                113,
                114,
                118,
                121,
                125,
                126,
                127,
                129,
                131,
                132,
                156,
                157,
                175,
                176,
                178,
                203,
                204,
                206
            ],
            "summary": {
                "covered_lines": 41,
                "num_statements": 91,
                "percent_covered": 37.79527559055118,
                "percent_covered_display": "38",
                "missing_lines": 50,
                "excluded_lines": 0,
                "num_branches": 36,
                "num_partial_branches": 7,
                "covered_branches": 7,
                "missing_branches": 29
            },
            "missing_lines": [
                31,
                32,
                34,
                35,
                57,
                58,
                61,
                62,
                63,
                64,
                65,
                66,
                68,
                69,
                70,
                73,
                74,
                75,
                76,
                77,
                78,
                80,
                93,
                94,
                96,
                97,
                98,
                100,
                119,
                120,
                122,
                123,
                143,
                144,
                146,
                147,
                148,
                150,
                151,
                152,
                154,
                180,
                185,
                186,
                187,
                188,
                191,
                198,
                200,
                201
            ],
            "excluded_lines": [],
            "executed_branches": [
                [
                    30,
                    33
                ],
                [
                    33,
                    37
                ],
                [
                    37,
                    38
                ],
                [
                    118,
                    121
                ],
                [
                    121,
                    125
                ],
                [
                    125,
                    126
                ],
                [
                    178,
                    203
                ]
            ],
            "missing_branches": [
                [
                    30,
                    31
                ],
                [
                    33,
                    34
                ],
                [
                    37,
                    41
                ],
                [
                    61,
                    62
                ],
                [
                    61,
                    64
                ],
                [
                    64,
                    65
                ],
                [
                    64,
                    68
                ],
                [
                    68,
                    69
                ],
                [
                    68,
                    73
                ],
                [
                    73,
                    74
                ],
                [
                    73,
                    76
                ],
                [
                    76,
                    77
                ],
                [
                    76,
                    80
                ],
                [
                    96,
                    97
                ],
                [
                    96,
                    100
                ],
                [
                    118,
                    119
                ],
                [
                    121,
                    122
                ],
                [
                    125,
                    129
                ],
                [
                    146,
                    147
                ],
                [
                    146,
                    150
                ],
                [
                    150,
                    151
                ],
                [
                    150,
                    154
                ],
                [
                    178,
                    180
                ],
                [
                    180,
                    185
                ],
                [
                    180,
                    200
                ],
                [
                    185,
                    186
                ],
                [
                    185,
                    198
                ],
                [
                    186,
                    187
                ],
                [
                    186,
                    191
                ]
            ]
        },
        "test_engine_app/processing/task.py": {
            "executed_lines": [
                1,
                2,
                4,
                5,
                6,
                7,
                8,
                9,
                10,
                11,
                12,
                15,
                16,
                21,
                29,
                37,
                39,
                40,
                41,
                44,
                47,
                48,
                49,
                50,
                54,
                58,
                63,
                65,
                69,
                74,
                75,
                76,
                78,
                85,
                89,
                96,
                98,
                107,
                116,
                123,
                124,
                126,
                127,
                128,
                133,
                143,
                144,
                148,
                153,
                154,
                155,
[...]
                    395,
                    398
                ],
                [
                    395,
                    422
                ],
                [
                    405,
                    406
                ],
                [
                    405,
                    411
                ],
                [
                    417,
                    418
                ],
                [
                    417,
                    425
                ],
                [
                    440,
                    441
                ],
                [
                    440,
                    448
                ],
                [
                    505,
                    506
                ],
                [
                    505,
                    510
                ],
                [
                    515,
                    516
                ],
                [
                    515,
                    520
                ],
                [
                    535,
                    538
                ],
                [
                    535,
                    562
                ],
                [
                    545,
                    546
                ],
                [
                    545,
                    551
                ],
                [
                    557,
                    558
                ],
                [
                    557,
                    565
                ],
                [
                    582,
                    583
                ],
                [
                    582,
                    590
                ],
                [
                    627,
                    629
                ],
                [
                    627,
                    637
                ],
                [
                    637,
                    638
                ],
                [
                    637,
                    641
                ]
            ]
        },
        "test_engine_app/processing/task_result.py": {
            "executed_lines": [
                1,
                2,
                3,
                5,
                6,
                9,
                10,
                14,
                15,
                16,
                17,
                18,
                19,
                20,
                22,
                23,
                24,
                26,
                27,
                28,
                29,
                30,
                31,
                32,
                33,
                35,
                40,
                41,
                43,
                47,
                48,
                49,
                51,
                56,
                58,
                59,
                60,
                61,
                63,
                68,
                70,
                71,
                72,
                73,
                75,
                82,
                84,
                85,
                91,
                92,
                93,
                101,
                103,
                110,
                112,
                113,
                114,
                120,
                124,
                125,
                133,
                135,
                142,
                144,
                145,
                146,
                152,
                156,
                157,
                165
            ],
            "summary": {
                "covered_lines": 69,
                "num_statements": 69,
                "percent_covered": 100.0,
                "percent_covered_display": "100",
                "missing_lines": 0,
                "excluded_lines": 0,
                "num_branches": 8,
                "num_partial_branches": 0,
                "covered_branches": 8,
                "missing_branches": 0
            },
            "missing_lines": [],
            "excluded_lines": [],
            "executed_branches": [
                [
                    23,
                    24
                ],
                [
                    23,
                    26
                ],
                [
                    82,
                    84
                ],
                [
                    82,
                    91
                ],
                [
                    110,
                    112
                ],
                [
                    110,
                    120
                ],
                [
                    142,
                    144
                ],
                [
                    142,
                    152
                ]
            ],
            "missing_branches": []
        },
        "test_engine_app/test_engine_app.py": {
            "executed_lines": [
                1,
                2,
                3,
                4,
                5,
                6,
                8,
                10,
                11,
                12,
                13,
                14,
                17,
                18,
                25,
                27,
                32,
                35,
                36,
                39,
                44,
                51,
                53,
                58,
                59,
                62,
                63,
                64,
                70,
                81,
                82,
                83,
                84,
                89,
                90,
                91,
                94,
                95,
                96,
                101,
                102,
                107,
                109,
                117,
                124,
                125,
                128,
                131,
                136,
                139
            ],
            "summary": {
                "covered_lines": 49,
                "num_statements": 49,
                "percent_covered": 100.0,
                "percent_covered_display": "100",
                "missing_lines": 0,
                "excluded_lines": 0,
                "num_branches": 10,
                "num_partial_branches": 0,
                "covered_branches": 10,
                "missing_branches": 0
            },
            "missing_lines": [],
            "excluded_lines": [],
            "executed_branches": [
                [
                    82,
                    83
                ],
                [
                    82,
                    89
                ],
                [
                    89,
                    90
                ],
                [
                    89,
                    94
                ],
                [
                    94,
                    95
                ],
                [
                    94,
                    101
                ],
                [
                    124,
                    125
                ],
                [
                    124,
                    128
                ],
                [
                    131,
                    131
                ],
                [
                    131,
                    136
                ],
                [
                    131,
                    139
                ]
            ],
            "missing_branches": []
        },
        "test_engine_app/worker.py": {
            "executed_lines": [
                1,
                2,
                3,
                4,
                5,
                6,
                8,
                10,
                11,
                12,
                13,
                14,
                15,
                16,
                17,
                21,
                22,
                23,
                26,
                27,
                38,
                39,
                40,
                41,
                42,
                43,
                45,
                46,
                50,
                52,
                53,
                62,
                64,
                69,
                70,
                77,
                78,
                81,
                82,
                84,
                87,
                89,
                90,
                91,
                92,
                97,
                105,
                107,
                108,
                119,
                121,
                127,
                129,
                130,
                133,
                134,
                135,
                141,
                143,
                145,
                150,
                161,
                165,
                166,
                168,
                169,
                170,
                175,
                178,
                180,
                185,
                188,
                193,
                195,
                197,
                200,
                204,
                209,
                217,
                222,
                225,
                229,
                231,
                232,
                241,
                244,
                246,
                248,
                254,
                259,
                261,
                266,
                269,
                271,
                272,
                280,
                283,
                361,
                362,
                369,
                370,
                373,
                375,
                385,
                468,
                469,
                476,
                478,
                480,
                481,
                519,
                520,
                530,
                532,
                537,
                539,
                540,
                546,
                548,
                553,
                555,
                556,
                557,
                559,
                562,
                569,
                574,
                576,
                577,
                591,
                592,
                595,
                600,
                601,
                602,
                610,
                613,
                614,
                619,
                621,
                626,
                628,
                629,
                640,
                641,
                644,
                645,
                646,
                647,
                655,
                658,
                659,
                664,
                666,
                671,
                673,
                674,
                681,
                683,
                685,
                686,
                698,
                707,
                713,
                714,
                722,
                723,
                729,
                732,
                737,
                745,
                747,
                750,
                755,
                756,
                763,
                764,
                769,
                777
            ],
            "summary": {
                "covered_lines": 178,
                "num_statements": 225,
                "percent_covered": 75.58528428093645,
                "percent_covered_display": "76",
                "missing_lines": 47,
                "excluded_lines": 0,
                "num_branches": 74,
                "num_partial_branches": 4,
                "covered_branches": 48,
                "missing_branches": 26
            },
            "missing_lines": [
                284,
                292,
                294,
                295,
                301,
                310,
                311,
                317,
                326,
                327,
                329,
                338,
                348,
                353,
                356,
                359,
                387,
                391,
                393,
                394,
                401,
                410,
                411,
                418,
                427,
                430,
                431,
                433,
                442,
                452,
                457,
                460,
                463,
                466,
                491,
                492,
                494,
                495,
                496,
                497,
                499,
                506,
                507,
                508,
                509,
                511,
                517
            ],
            "excluded_lines": [],
            "executed_branches": [
                [
                    81,
                    82
                ],
                [
                    81,
                    84
                ],
                [
                    121,
                    121
                ],
                [
                    121,
                    127
                ],
                [
                    121,
                    129
                ],
                [
                    165,
                    166
                ],
                [
                    165,
                    225
                ],
                [
                    169,
                    170
                ],
                [
                    169,
                    178
                ],
                [
                    178,
                    165
                ],
                [
                    178,
                    180
                ],
                [
                    246,
                    248
                ],
                [
                    246,
                    254
                ],
                [
                    254,
                    254
                ],
                [
                    254,
                    259
                ],
                [
                    254,
                    261
                ],
                [
                    261,
                    261
                ],
                [
                    261,
                    266
                ],
                [
                    261,
                    269
                ],
                [
                    283,
                    -271
                ],
                [
                    373,
                    -361
                ],
                [
                    373,
                    375
                ],
                [
                    385,
                    373
                ],
                [
                    476,
                    -468
                ],
                [
                    476,
                    478
                ],
                [
                    530,
                    532
                ],
                [
                    530,
                    539
                ],
                [
                    546,
                    548
                ],
                [
                    546,
                    555
                ],
                [
                    556,
                    557
                ],
                [
                    556,
                    569
                ],
                [
                    557,
                    559
                ],
                [
                    557,
                    562
                ],
                [
                    591,
                    592
                ],
                [
                    595,
                    595
                ],
                [
                    595,
                    600
                ],
                [
                    595,
                    613
                ],
                [
                    613,
                    614
                ],
                [
                    613,
                    621
                ],
                [
                    640,
                    641
                ],
                [
                    644,
                    645
                ],
                [
                    644,
                    658
                ],
                [
                    658,
                    659
                ],
                [
                    658,
                    666
                ],
                [
                    681,
                    -673
                ],
                [
                    681,
                    683
                ],
                [
                    713,
                    714
                ],
                [
                    713,
                    747
                ],
                [
                    722,
                    723
                ],
                [
                    722,
                    729
                ],
                [
                    755,
                    756
                ],
                [
                    755,
                    763
                ]
            ],
            "missing_branches": [
                [
                    283,
                    284
                ],
                [
                    292,
                    294
                ],
                [
                    292,
                    310
                ],
                [
                    327,
                    329
                ],
                [
                    327,
                    338
                ],
                [
                    348,
                    353
                ],
                [
                    348,
                    356
                ],
                [
                    385,
                    387
                ],
                [
                    391,
                    393
                ],
                [
                    391,
                    410
                ],
                [
                    431,
                    433
                ],
                [
                    431,
                    442
                ],
                [
                    452,
                    457
                ],
                [
                    452,
                    460
                ],
                [
                    492,
                    494
                ],
                [
                    492,
                    506
                ],
                [
                    494,
                    495
                ],
                [
                    494,
                    517
                ],
                [
                    495,
                    496
                ],
                [
                    495,
                    499
                ],
                [
                    506,
                    507
                ],
                [
                    506,
                    517
                ],
                [
                    507,
                    508
                ],
                [
                    507,
                    511
                ],
                [
                    591,
                    595
                ],
                [
                    640,
                    644
                ]
            ]
        }
    },
    "totals": {
        "covered_lines": 1410,
        "num_statements": 2041,
        "percent_covered": 66.58795749704841,
        "percent_covered_display": "67",
        "missing_lines": 631,
        "excluded_lines": 2,
        "num_branches": 500,
        "num_partial_branches": 14,
        "covered_branches": 282,
        "missing_branches": 218
    }
}